24-Sep-2022 07:52:14.877 INFO [main] org.apache.catalina.startup.VersionLoggerListener.log Server version name:   Apache Tomcat/9.0.60
24-Sep-2022 07:52:14.880 INFO [main] org.apache.catalina.startup.VersionLoggerListener.log Server built:          Mar 9 2022 14:52:25 UTC
24-Sep-2022 07:52:14.881 INFO [main] org.apache.catalina.startup.VersionLoggerListener.log Server version number: 9.0.60.0
24-Sep-2022 07:52:14.881 INFO [main] org.apache.catalina.startup.VersionLoggerListener.log OS Name:               Windows 11
24-Sep-2022 07:52:14.881 INFO [main] org.apache.catalina.startup.VersionLoggerListener.log OS Version:            10.0
24-Sep-2022 07:52:14.881 INFO [main] org.apache.catalina.startup.VersionLoggerListener.log Architecture:          amd64
24-Sep-2022 07:52:14.881 INFO [main] org.apache.catalina.startup.VersionLoggerListener.log Java Home:             C:\Program Files\Java\jdk-17.0.2
24-Sep-2022 07:52:14.882 INFO [main] org.apache.catalina.startup.VersionLoggerListener.log JVM Version:           17.0.2+8-LTS-86
24-Sep-2022 07:52:14.882 INFO [main] org.apache.catalina.startup.VersionLoggerListener.log JVM Vendor:            Oracle Corporation
24-Sep-2022 07:52:14.882 INFO [main] org.apache.catalina.startup.VersionLoggerListener.log CATALINA_BASE:         C:\Users\hp\Downloads\apache-tomcat-9.0.60\apache-tomcat-9.0.60
24-Sep-2022 07:52:14.882 INFO [main] org.apache.catalina.startup.VersionLoggerListener.log CATALINA_HOME:         C:\Users\hp\Downloads\apache-tomcat-9.0.60\apache-tomcat-9.0.60
24-Sep-2022 07:52:14.893 INFO [main] org.apache.catalina.startup.VersionLoggerListener.log Command line argument: --add-opens=java.base/java.lang=ALL-UNNAMED
24-Sep-2022 07:52:14.893 INFO [main] org.apache.catalina.startup.VersionLoggerListener.log Command line argument: --add-opens=java.base/java.io=ALL-UNNAMED
24-Sep-2022 07:52:14.894 INFO [main] org.apache.catalina.startup.VersionLoggerListener.log Command line argument: --add-opens=java.base/java.util=ALL-UNNAMED
24-Sep-2022 07:52:14.894 INFO [main] org.apache.catalina.startup.VersionLoggerListener.log Command line argument: --add-opens=java.base/java.util.concurrent=ALL-UNNAMED
24-Sep-2022 07:52:14.894 INFO [main] org.apache.catalina.startup.VersionLoggerListener.log Command line argument: --add-opens=java.rmi/sun.rmi.transport=ALL-UNNAMED
24-Sep-2022 07:52:14.894 INFO [main] org.apache.catalina.startup.VersionLoggerListener.log Command line argument: -Djava.util.logging.config.file=C:\Users\hp\Downloads\apache-tomcat-9.0.60\apache-tomcat-9.0.60\conf\logging.properties
24-Sep-2022 07:52:14.894 INFO [main] org.apache.catalina.startup.VersionLoggerListener.log Command line argument: -Djava.util.logging.manager=org.apache.juli.ClassLoaderLogManager
24-Sep-2022 07:52:14.895 INFO [main] org.apache.catalina.startup.VersionLoggerListener.log Command line argument: -Djdk.tls.ephemeralDHKeySize=2048
24-Sep-2022 07:52:14.895 INFO [main] org.apache.catalina.startup.VersionLoggerListener.log Command line argument: -Djava.protocol.handler.pkgs=org.apache.catalina.webresources
24-Sep-2022 07:52:14.895 INFO [main] org.apache.catalina.startup.VersionLoggerListener.log Command line argument: -Dignore.endorsed.dirs=
24-Sep-2022 07:52:14.895 INFO [main] org.apache.catalina.startup.VersionLoggerListener.log Command line argument: -Dcatalina.base=C:\Users\hp\Downloads\apache-tomcat-9.0.60\apache-tomcat-9.0.60
24-Sep-2022 07:52:14.896 INFO [main] org.apache.catalina.startup.VersionLoggerListener.log Command line argument: -Dcatalina.home=C:\Users\hp\Downloads\apache-tomcat-9.0.60\apache-tomcat-9.0.60
24-Sep-2022 07:52:14.896 INFO [main] org.apache.catalina.startup.VersionLoggerListener.log Command line argument: -Djava.io.tmpdir=C:\Users\hp\Downloads\apache-tomcat-9.0.60\apache-tomcat-9.0.60\temp
24-Sep-2022 07:52:14.902 INFO [main] org.apache.catalina.core.AprLifecycleListener.lifecycleEvent Loaded Apache Tomcat Native library [1.2.31] using APR version [1.7.0].
24-Sep-2022 07:52:14.905 INFO [main] org.apache.catalina.core.AprLifecycleListener.lifecycleEvent APR capabilities: IPv6 [true], sendfile [true], accept filters [false], random [true], UDS [true].
24-Sep-2022 07:52:14.905 INFO [main] org.apache.catalina.core.AprLifecycleListener.lifecycleEvent APR/OpenSSL configuration: useAprConnector [false], useOpenSSL [true]
24-Sep-2022 07:52:14.917 INFO [main] org.apache.catalina.core.AprLifecycleListener.initializeSSL OpenSSL successfully initialized [OpenSSL 1.1.1l  24 Aug 2021]
24-Sep-2022 07:52:15.148 INFO [main] org.apache.coyote.AbstractProtocol.init Initializing ProtocolHandler ["http-nio-8080"]
24-Sep-2022 07:52:15.174 INFO [main] org.apache.catalina.startup.Catalina.load Server initialization in [454] milliseconds
24-Sep-2022 07:52:15.214 INFO [main] org.apache.catalina.core.StandardService.startInternal Starting service [Catalina]
24-Sep-2022 07:52:15.214 INFO [main] org.apache.catalina.core.StandardEngine.startInternal Starting Servlet engine: [Apache Tomcat/9.0.60]
24-Sep-2022 07:52:15.226 INFO [main] org.apache.catalina.startup.HostConfig.deployDirectory Deploying web application directory [C:\Users\hp\Downloads\apache-tomcat-9.0.60\apache-tomcat-9.0.60\webapps\docs]
24-Sep-2022 07:52:15.471 INFO [main] org.apache.catalina.startup.HostConfig.deployDirectory Deployment of web application directory [C:\Users\hp\Downloads\apache-tomcat-9.0.60\apache-tomcat-9.0.60\webapps\docs] has finished in [244] ms
24-Sep-2022 07:52:15.471 INFO [main] org.apache.catalina.startup.HostConfig.deployDirectory Deploying web application directory [C:\Users\hp\Downloads\apache-tomcat-9.0.60\apache-tomcat-9.0.60\webapps\examples]
24-Sep-2022 07:52:15.862 INFO [main] org.apache.catalina.startup.HostConfig.deployDirectory Deployment of web application directory [C:\Users\hp\Downloads\apache-tomcat-9.0.60\apache-tomcat-9.0.60\webapps\examples] has finished in [391] ms
24-Sep-2022 07:52:15.862 INFO [main] org.apache.catalina.startup.HostConfig.deployDirectory Deploying web application directory [C:\Users\hp\Downloads\apache-tomcat-9.0.60\apache-tomcat-9.0.60\webapps\host-manager]
24-Sep-2022 07:52:15.900 INFO [main] org.apache.catalina.startup.HostConfig.deployDirectory Deployment of web application directory [C:\Users\hp\Downloads\apache-tomcat-9.0.60\apache-tomcat-9.0.60\webapps\host-manager] has finished in [37] ms
24-Sep-2022 07:52:15.900 INFO [main] org.apache.catalina.startup.HostConfig.deployDirectory Deploying web application directory [C:\Users\hp\Downloads\apache-tomcat-9.0.60\apache-tomcat-9.0.60\webapps\manager]
24-Sep-2022 07:52:15.939 INFO [main] org.apache.catalina.startup.HostConfig.deployDirectory Deployment of web application directory [C:\Users\hp\Downloads\apache-tomcat-9.0.60\apache-tomcat-9.0.60\webapps\manager] has finished in [39] ms
24-Sep-2022 07:52:15.939 INFO [main] org.apache.catalina.startup.HostConfig.deployDirectory Deploying web application directory [C:\Users\hp\Downloads\apache-tomcat-9.0.60\apache-tomcat-9.0.60\webapps\ROOT]
24-Sep-2022 07:52:16.090 INFO [main] org.apache.jasper.servlet.TldScanner.scanJars At least one JAR was scanned for TLDs yet contained no TLDs. Enable debug logging for this logger for a complete list of JARs that were scanned but no TLDs were found in them. Skipping unneeded JARs during scanning can improve startup time and JSP compilation time.
24-Sep-2022 07:52:16.114 INFO [main] org.apache.catalina.startup.HostConfig.deployDirectory Deployment of web application directory [C:\Users\hp\Downloads\apache-tomcat-9.0.60\apache-tomcat-9.0.60\webapps\ROOT] has finished in [175] ms
24-Sep-2022 07:52:16.118 INFO [main] org.apache.coyote.AbstractProtocol.start Starting ProtocolHandler ["http-nio-8080"]
24-Sep-2022 07:52:16.158 INFO [main] org.apache.catalina.startup.Catalina.start Server startup in [985] milliseconds
24-Sep-2022 18:35:43.303 INFO [main] org.apache.catalina.startup.VersionLoggerListener.log Server version name:   Apache Tomcat/9.0.60
24-Sep-2022 18:35:43.306 INFO [main] org.apache.catalina.startup.VersionLoggerListener.log Server built:          Mar 9 2022 14:52:25 UTC
24-Sep-2022 18:35:43.306 INFO [main] org.apache.catalina.startup.VersionLoggerListener.log Server version number: 9.0.60.0
24-Sep-2022 18:35:43.306 INFO [main] org.apache.catalina.startup.VersionLoggerListener.log OS Name:               Windows 11
24-Sep-2022 18:35:43.306 INFO [main] org.apache.catalina.startup.VersionLoggerListener.log OS Version:            10.0
24-Sep-2022 18:35:43.306 INFO [main] org.apache.catalina.startup.VersionLoggerListener.log Architecture:          amd64
24-Sep-2022 18:35:43.307 INFO [main] org.apache.catalina.startup.VersionLoggerListener.log Java Home:             C:\Program Files\Java\jdk-17.0.2
24-Sep-2022 18:35:43.307 INFO [main] org.apache.catalina.startup.VersionLoggerListener.log JVM Version:           17.0.2+8-LTS-86
24-Sep-2022 18:35:43.307 INFO [main] org.apache.catalina.startup.VersionLoggerListener.log JVM Vendor:            Oracle Corporation
24-Sep-2022 18:35:43.307 INFO [main] org.apache.catalina.startup.VersionLoggerListener.log CATALINA_BASE:         C:\Users\hp\Downloads\apache-tomcat-9.0.60\apache-tomcat-9.0.60
24-Sep-2022 18:35:43.307 INFO [main] org.apache.catalina.startup.VersionLoggerListener.log CATALINA_HOME:         C:\Users\hp\Downloads\apache-tomcat-9.0.60\apache-tomcat-9.0.60
24-Sep-2022 18:35:43.315 INFO [main] org.apache.catalina.startup.VersionLoggerListener.log Command line argument: --add-opens=java.base/java.lang=ALL-UNNAMED
24-Sep-2022 18:35:43.315 INFO [main] org.apache.catalina.startup.VersionLoggerListener.log Command line argument: --add-opens=java.base/java.io=ALL-UNNAMED
24-Sep-2022 18:35:43.316 INFO [main] org.apache.catalina.startup.VersionLoggerListener.log Command line argument: --add-opens=java.base/java.util=ALL-UNNAMED
24-Sep-2022 18:35:43.317 INFO [main] org.apache.catalina.startup.VersionLoggerListener.log Command line argument: --add-opens=java.base/java.util.concurrent=ALL-UNNAMED
24-Sep-2022 18:35:43.317 INFO [main] org.apache.catalina.startup.VersionLoggerListener.log Command line argument: --add-opens=java.rmi/sun.rmi.transport=ALL-UNNAMED
24-Sep-2022 18:35:43.317 INFO [main] org.apache.catalina.startup.VersionLoggerListener.log Command line argument: -Djava.util.logging.config.file=C:\Users\hp\Downloads\apache-tomcat-9.0.60\apache-tomcat-9.0.60\conf\logging.properties
24-Sep-2022 18:35:43.318 INFO [main] org.apache.catalina.startup.VersionLoggerListener.log Command line argument: -Djava.util.logging.manager=org.apache.juli.ClassLoaderLogManager
24-Sep-2022 18:35:43.318 INFO [main] org.apache.catalina.startup.VersionLoggerListener.log Command line argument: -Djdk.tls.ephemeralDHKeySize=2048
24-Sep-2022 18:35:43.318 INFO [main] org.apache.catalina.startup.VersionLoggerListener.log Command line argument: -Djava.protocol.handler.pkgs=org.apache.catalina.webresources
24-Sep-2022 18:35:43.318 INFO [main] org.apache.catalina.startup.VersionLoggerListener.log Command line argument: -Dignore.endorsed.dirs=
24-Sep-2022 18:35:43.319 INFO [main] org.apache.catalina.startup.VersionLoggerListener.log Command line argument: -Dcatalina.base=C:\Users\hp\Downloads\apache-tomcat-9.0.60\apache-tomcat-9.0.60
24-Sep-2022 18:35:43.319 INFO [main] org.apache.catalina.startup.VersionLoggerListener.log Command line argument: -Dcatalina.home=C:\Users\hp\Downloads\apache-tomcat-9.0.60\apache-tomcat-9.0.60
24-Sep-2022 18:35:43.320 INFO [main] org.apache.catalina.startup.VersionLoggerListener.log Command line argument: -Djava.io.tmpdir=C:\Users\hp\Downloads\apache-tomcat-9.0.60\apache-tomcat-9.0.60\temp
24-Sep-2022 18:35:43.323 INFO [main] org.apache.catalina.core.AprLifecycleListener.lifecycleEvent Loaded Apache Tomcat Native library [1.2.31] using APR version [1.7.0].
24-Sep-2022 18:35:43.324 INFO [main] org.apache.catalina.core.AprLifecycleListener.lifecycleEvent APR capabilities: IPv6 [true], sendfile [true], accept filters [false], random [true], UDS [true].
24-Sep-2022 18:35:43.324 INFO [main] org.apache.catalina.core.AprLifecycleListener.lifecycleEvent APR/OpenSSL configuration: useAprConnector [false], useOpenSSL [true]
24-Sep-2022 18:35:43.329 INFO [main] org.apache.catalina.core.AprLifecycleListener.initializeSSL OpenSSL successfully initialized [OpenSSL 1.1.1l  24 Aug 2021]
24-Sep-2022 18:35:43.543 INFO [main] org.apache.coyote.AbstractProtocol.init Initializing ProtocolHandler ["http-nio-8080"]
24-Sep-2022 18:35:43.565 INFO [main] org.apache.catalina.startup.Catalina.load Server initialization in [396] milliseconds
24-Sep-2022 18:35:43.603 INFO [main] org.apache.catalina.core.StandardService.startInternal Starting service [Catalina]
24-Sep-2022 18:35:43.603 INFO [main] org.apache.catalina.core.StandardEngine.startInternal Starting Servlet engine: [Apache Tomcat/9.0.60]
24-Sep-2022 18:35:43.612 INFO [main] org.apache.catalina.startup.HostConfig.deployDirectory Deploying web application directory [C:\Users\hp\Downloads\apache-tomcat-9.0.60\apache-tomcat-9.0.60\webapps\docs]
24-Sep-2022 18:35:43.909 INFO [main] org.apache.catalina.startup.HostConfig.deployDirectory Deployment of web application directory [C:\Users\hp\Downloads\apache-tomcat-9.0.60\apache-tomcat-9.0.60\webapps\docs] has finished in [296] ms
24-Sep-2022 18:35:43.909 INFO [main] org.apache.catalina.startup.HostConfig.deployDirectory Deploying web application directory [C:\Users\hp\Downloads\apache-tomcat-9.0.60\apache-tomcat-9.0.60\webapps\examples]
24-Sep-2022 18:35:44.436 INFO [main] org.apache.catalina.startup.HostConfig.deployDirectory Deployment of web application directory [C:\Users\hp\Downloads\apache-tomcat-9.0.60\apache-tomcat-9.0.60\webapps\examples] has finished in [527] ms
24-Sep-2022 18:35:44.436 INFO [main] org.apache.catalina.startup.HostConfig.deployDirectory Deploying web application directory [C:\Users\hp\Downloads\apache-tomcat-9.0.60\apache-tomcat-9.0.60\webapps\host-manager]
24-Sep-2022 18:35:44.487 INFO [main] org.apache.catalina.startup.HostConfig.deployDirectory Deployment of web application directory [C:\Users\hp\Downloads\apache-tomcat-9.0.60\apache-tomcat-9.0.60\webapps\host-manager] has finished in [51] ms
24-Sep-2022 18:35:44.487 INFO [main] org.apache.catalina.startup.HostConfig.deployDirectory Deploying web application directory [C:\Users\hp\Downloads\apache-tomcat-9.0.60\apache-tomcat-9.0.60\webapps\manager]
24-Sep-2022 18:35:44.535 INFO [main] org.apache.catalina.startup.HostConfig.deployDirectory Deployment of web application directory [C:\Users\hp\Downloads\apache-tomcat-9.0.60\apache-tomcat-9.0.60\webapps\manager] has finished in [48] ms
24-Sep-2022 18:35:44.536 INFO [main] org.apache.catalina.startup.HostConfig.deployDirectory Deploying web application directory [C:\Users\hp\Downloads\apache-tomcat-9.0.60\apache-tomcat-9.0.60\webapps\ROOT]
24-Sep-2022 18:35:44.728 INFO [main] org.apache.jasper.servlet.TldScanner.scanJars At least one JAR was scanned for TLDs yet contained no TLDs. Enable debug logging for this logger for a complete list of JARs that were scanned but no TLDs were found in them. Skipping unneeded JARs during scanning can improve startup time and JSP compilation time.
24-Sep-2022 18:35:44.752 INFO [main] org.apache.catalina.startup.HostConfig.deployDirectory Deployment of web application directory [C:\Users\hp\Downloads\apache-tomcat-9.0.60\apache-tomcat-9.0.60\webapps\ROOT] has finished in [215] ms
24-Sep-2022 18:35:44.754 INFO [main] org.apache.coyote.AbstractProtocol.start Starting ProtocolHandler ["http-nio-8080"]
24-Sep-2022 18:35:44.799 INFO [main] org.apache.catalina.startup.Catalina.start Server startup in [1233] milliseconds
24-Sep-2022 19:07:55.267 INFO [main] org.apache.catalina.startup.VersionLoggerListener.log Server version name:   Apache Tomcat/9.0.60
24-Sep-2022 19:07:55.270 INFO [main] org.apache.catalina.startup.VersionLoggerListener.log Server built:          Mar 9 2022 14:52:25 UTC
24-Sep-2022 19:07:55.271 INFO [main] org.apache.catalina.startup.VersionLoggerListener.log Server version number: 9.0.60.0
24-Sep-2022 19:07:55.271 INFO [main] org.apache.catalina.startup.VersionLoggerListener.log OS Name:               Windows 11
24-Sep-2022 19:07:55.272 INFO [main] org.apache.catalina.startup.VersionLoggerListener.log OS Version:            10.0
24-Sep-2022 19:07:55.272 INFO [main] org.apache.catalina.startup.VersionLoggerListener.log Architecture:          amd64
24-Sep-2022 19:07:55.272 INFO [main] org.apache.catalina.startup.VersionLoggerListener.log Java Home:             C:\Program Files\Java\jdk-17.0.2
24-Sep-2022 19:07:55.272 INFO [main] org.apache.catalina.startup.VersionLoggerListener.log JVM Version:           17.0.2+8-LTS-86
24-Sep-2022 19:07:55.272 INFO [main] org.apache.catalina.startup.VersionLoggerListener.log JVM Vendor:            Oracle Corporation
24-Sep-2022 19:07:55.272 INFO [main] org.apache.catalina.startup.VersionLoggerListener.log CATALINA_BASE:         C:\Users\hp\Downloads\apache-tomcat-9.0.60\apache-tomcat-9.0.60
24-Sep-2022 19:07:55.272 INFO [main] org.apache.catalina.startup.VersionLoggerListener.log CATALINA_HOME:         C:\Users\hp\Downloads\apache-tomcat-9.0.60\apache-tomcat-9.0.60
24-Sep-2022 19:07:55.284 INFO [main] org.apache.catalina.startup.VersionLoggerListener.log Command line argument: --add-opens=java.base/java.lang=ALL-UNNAMED
24-Sep-2022 19:07:55.286 INFO [main] org.apache.catalina.startup.VersionLoggerListener.log Command line argument: --add-opens=java.base/java.io=ALL-UNNAMED
24-Sep-2022 19:07:55.286 INFO [main] org.apache.catalina.startup.VersionLoggerListener.log Command line argument: --add-opens=java.base/java.util=ALL-UNNAMED
24-Sep-2022 19:07:55.286 INFO [main] org.apache.catalina.startup.VersionLoggerListener.log Command line argument: --add-opens=java.base/java.util.concurrent=ALL-UNNAMED
24-Sep-2022 19:07:55.286 INFO [main] org.apache.catalina.startup.VersionLoggerListener.log Command line argument: --add-opens=java.rmi/sun.rmi.transport=ALL-UNNAMED
24-Sep-2022 19:07:55.287 INFO [main] org.apache.catalina.startup.VersionLoggerListener.log Command line argument: -Djava.util.logging.config.file=C:\Users\hp\Downloads\apache-tomcat-9.0.60\apache-tomcat-9.0.60\conf\logging.properties
24-Sep-2022 19:07:55.288 INFO [main] org.apache.catalina.startup.VersionLoggerListener.log Command line argument: -Djava.util.logging.manager=org.apache.juli.ClassLoaderLogManager
24-Sep-2022 19:07:55.288 INFO [main] org.apache.catalina.startup.VersionLoggerListener.log Command line argument: -Djdk.tls.ephemeralDHKeySize=2048
24-Sep-2022 19:07:55.288 INFO [main] org.apache.catalina.startup.VersionLoggerListener.log Command line argument: -Djava.protocol.handler.pkgs=org.apache.catalina.webresources
24-Sep-2022 19:07:55.288 INFO [main] org.apache.catalina.startup.VersionLoggerListener.log Command line argument: -Dignore.endorsed.dirs=
24-Sep-2022 19:07:55.288 INFO [main] org.apache.catalina.startup.VersionLoggerListener.log Command line argument: -Dcatalina.base=C:\Users\hp\Downloads\apache-tomcat-9.0.60\apache-tomcat-9.0.60
24-Sep-2022 19:07:55.289 INFO [main] org.apache.catalina.startup.VersionLoggerListener.log Command line argument: -Dcatalina.home=C:\Users\hp\Downloads\apache-tomcat-9.0.60\apache-tomcat-9.0.60
24-Sep-2022 19:07:55.289 INFO [main] org.apache.catalina.startup.VersionLoggerListener.log Command line argument: -Djava.io.tmpdir=C:\Users\hp\Downloads\apache-tomcat-9.0.60\apache-tomcat-9.0.60\temp
24-Sep-2022 19:07:55.293 INFO [main] org.apache.catalina.core.AprLifecycleListener.lifecycleEvent Loaded Apache Tomcat Native library [1.2.31] using APR version [1.7.0].
24-Sep-2022 19:07:55.294 INFO [main] org.apache.catalina.core.AprLifecycleListener.lifecycleEvent APR capabilities: IPv6 [true], sendfile [true], accept filters [false], random [true], UDS [true].
24-Sep-2022 19:07:55.294 INFO [main] org.apache.catalina.core.AprLifecycleListener.lifecycleEvent APR/OpenSSL configuration: useAprConnector [false], useOpenSSL [true]
24-Sep-2022 19:07:55.299 INFO [main] org.apache.catalina.core.AprLifecycleListener.initializeSSL OpenSSL successfully initialized [OpenSSL 1.1.1l  24 Aug 2021]
24-Sep-2022 19:07:55.592 INFO [main] org.apache.coyote.AbstractProtocol.init Initializing ProtocolHandler ["http-nio-8080"]
24-Sep-2022 19:07:55.608 SEVERE [main] org.apache.catalina.util.LifecycleBase.handleSubClassException Failed to initialize component [Connector[HTTP/1.1-8080]]
	org.apache.catalina.LifecycleException: Protocol handler initialization failed
		at org.apache.catalina.connector.Connector.initInternal(Connector.java:1049)
		at org.apache.catalina.util.LifecycleBase.init(LifecycleBase.java:136)
		at org.apache.catalina.core.StandardService.initInternal(StandardService.java:556)
		at org.apache.catalina.util.LifecycleBase.init(LifecycleBase.java:136)
		at org.apache.catalina.core.StandardServer.initInternal(StandardServer.java:1042)
		at org.apache.catalina.util.LifecycleBase.init(LifecycleBase.java:136)
		at org.apache.catalina.startup.Catalina.load(Catalina.java:724)
		at org.apache.catalina.startup.Catalina.load(Catalina.java:746)
		at java.base/jdk.internal.reflect.NativeMethodAccessorImpl.invoke0(Native Method)
		at java.base/jdk.internal.reflect.NativeMethodAccessorImpl.invoke(NativeMethodAccessorImpl.java:77)
		at java.base/jdk.internal.reflect.DelegatingMethodAccessorImpl.invoke(DelegatingMethodAccessorImpl.java:43)
		at java.base/java.lang.reflect.Method.invoke(Method.java:568)
		at org.apache.catalina.startup.Bootstrap.load(Bootstrap.java:305)
		at org.apache.catalina.startup.Bootstrap.main(Bootstrap.java:475)
	Caused by: java.net.BindException: Address already in use: bind
		at java.base/sun.nio.ch.Net.bind0(Native Method)
		at java.base/sun.nio.ch.Net.bind(Net.java:555)
		at java.base/sun.nio.ch.ServerSocketChannelImpl.netBind(ServerSocketChannelImpl.java:337)
		at java.base/sun.nio.ch.ServerSocketChannelImpl.bind(ServerSocketChannelImpl.java:294)
		at org.apache.tomcat.util.net.NioEndpoint.initServerSocket(NioEndpoint.java:274)
		at org.apache.tomcat.util.net.NioEndpoint.bind(NioEndpoint.java:229)
		at org.apache.tomcat.util.net.AbstractEndpoint.bindWithCleanup(AbstractEndpoint.java:1227)
		at org.apache.tomcat.util.net.AbstractEndpoint.init(AbstractEndpoint.java:1240)
		at org.apache.coyote.AbstractProtocol.init(AbstractProtocol.java:603)
		at org.apache.coyote.http11.AbstractHttp11Protocol.init(AbstractHttp11Protocol.java:80)
		at org.apache.catalina.connector.Connector.initInternal(Connector.java:1046)
		... 13 more
24-Sep-2022 19:07:55.609 INFO [main] org.apache.catalina.startup.Catalina.load Server initialization in [490] milliseconds
24-Sep-2022 19:07:55.654 INFO [main] org.apache.catalina.core.StandardService.startInternal Starting service [Catalina]
24-Sep-2022 19:07:55.655 INFO [main] org.apache.catalina.core.StandardEngine.startInternal Starting Servlet engine: [Apache Tomcat/9.0.60]
24-Sep-2022 19:07:55.664 INFO [main] org.apache.catalina.startup.HostConfig.deployDirectory Deploying web application directory [C:\Users\hp\Downloads\apache-tomcat-9.0.60\apache-tomcat-9.0.60\webapps\docs]
24-Sep-2022 19:07:56.399 INFO [main] org.apache.jasper.servlet.TldScanner.scanJars At least one JAR was scanned for TLDs yet contained no TLDs. Enable debug logging for this logger for a complete list of JARs that were scanned but no TLDs were found in them. Skipping unneeded JARs during scanning can improve startup time and JSP compilation time.
24-Sep-2022 19:07:56.464 INFO [main] org.apache.catalina.startup.HostConfig.deployDirectory Deployment of web application directory [C:\Users\hp\Downloads\apache-tomcat-9.0.60\apache-tomcat-9.0.60\webapps\docs] has finished in [800] ms
24-Sep-2022 19:07:56.465 INFO [main] org.apache.catalina.startup.HostConfig.deployDirectory Deploying web application directory [C:\Users\hp\Downloads\apache-tomcat-9.0.60\apache-tomcat-9.0.60\webapps\examples]
24-Sep-2022 19:07:57.288 INFO [main] org.apache.jasper.servlet.TldScanner.scanJars At least one JAR was scanned for TLDs yet contained no TLDs. Enable debug logging for this logger for a complete list of JARs that were scanned but no TLDs were found in them. Skipping unneeded JARs during scanning can improve startup time and JSP compilation time.
24-Sep-2022 19:07:57.358 INFO [main] org.apache.catalina.startup.HostConfig.deployDirectory Deployment of web application directory [C:\Users\hp\Downloads\apache-tomcat-9.0.60\apache-tomcat-9.0.60\webapps\examples] has finished in [893] ms
24-Sep-2022 19:07:57.358 INFO [main] org.apache.catalina.startup.HostConfig.deployDirectory Deploying web application directory [C:\Users\hp\Downloads\apache-tomcat-9.0.60\apache-tomcat-9.0.60\webapps\host-manager]
24-Sep-2022 19:07:57.815 INFO [main] org.apache.jasper.servlet.TldScanner.scanJars At least one JAR was scanned for TLDs yet contained no TLDs. Enable debug logging for this logger for a complete list of JARs that were scanned but no TLDs were found in them. Skipping unneeded JARs during scanning can improve startup time and JSP compilation time.
24-Sep-2022 19:07:57.823 INFO [main] org.apache.catalina.startup.HostConfig.deployDirectory Deployment of web application directory [C:\Users\hp\Downloads\apache-tomcat-9.0.60\apache-tomcat-9.0.60\webapps\host-manager] has finished in [465] ms
24-Sep-2022 19:07:57.824 INFO [main] org.apache.catalina.startup.HostConfig.deployDirectory Deploying web application directory [C:\Users\hp\Downloads\apache-tomcat-9.0.60\apache-tomcat-9.0.60\webapps\manager]
24-Sep-2022 19:07:58.263 INFO [main] org.apache.jasper.servlet.TldScanner.scanJars At least one JAR was scanned for TLDs yet contained no TLDs. Enable debug logging for this logger for a complete list of JARs that were scanned but no TLDs were found in them. Skipping unneeded JARs during scanning can improve startup time and JSP compilation time.
24-Sep-2022 19:07:58.267 INFO [main] org.apache.catalina.startup.HostConfig.deployDirectory Deployment of web application directory [C:\Users\hp\Downloads\apache-tomcat-9.0.60\apache-tomcat-9.0.60\webapps\manager] has finished in [444] ms
24-Sep-2022 19:07:58.268 INFO [main] org.apache.catalina.startup.HostConfig.deployDirectory Deploying web application directory [C:\Users\hp\Downloads\apache-tomcat-9.0.60\apache-tomcat-9.0.60\webapps\ROOT]
24-Sep-2022 19:07:58.776 INFO [main] org.apache.jasper.servlet.TldScanner.scanJars At least one JAR was scanned for TLDs yet contained no TLDs. Enable debug logging for this logger for a complete list of JARs that were scanned but no TLDs were found in them. Skipping unneeded JARs during scanning can improve startup time and JSP compilation time.
24-Sep-2022 19:07:58.800 INFO [main] org.apache.catalina.startup.HostConfig.deployDirectory Deployment of web application directory [C:\Users\hp\Downloads\apache-tomcat-9.0.60\apache-tomcat-9.0.60\webapps\ROOT] has finished in [533] ms
24-Sep-2022 19:07:58.804 INFO [main] org.apache.catalina.startup.Catalina.start Server startup in [3194] milliseconds
24-Sep-2022 19:07:58.811 SEVERE [main] org.apache.catalina.core.StandardServer.await Failed to create server shutdown socket on address [localhost] and port [8005] (base port [8005] and offset [0])
	java.net.BindException: Address already in use: bind
		at java.base/sun.nio.ch.Net.bind0(Native Method)
		at java.base/sun.nio.ch.Net.bind(Net.java:555)
		at java.base/sun.nio.ch.Net.bind(Net.java:544)
		at java.base/sun.nio.ch.NioSocketImpl.bind(NioSocketImpl.java:643)
		at java.base/java.net.ServerSocket.bind(ServerSocket.java:388)
		at java.base/java.net.ServerSocket.<init>(ServerSocket.java:274)
		at org.apache.catalina.core.StandardServer.await(StandardServer.java:577)
		at org.apache.catalina.startup.Catalina.await(Catalina.java:864)
		at org.apache.catalina.startup.Catalina.start(Catalina.java:810)
		at java.base/jdk.internal.reflect.NativeMethodAccessorImpl.invoke0(Native Method)
		at java.base/jdk.internal.reflect.NativeMethodAccessorImpl.invoke(NativeMethodAccessorImpl.java:77)
		at java.base/jdk.internal.reflect.DelegatingMethodAccessorImpl.invoke(DelegatingMethodAccessorImpl.java:43)
		at java.base/java.lang.reflect.Method.invoke(Method.java:568)
		at org.apache.catalina.startup.Bootstrap.start(Bootstrap.java:345)
		at org.apache.catalina.startup.Bootstrap.main(Bootstrap.java:476)
24-Sep-2022 19:07:58.812 INFO [main] org.apache.coyote.AbstractProtocol.pause Pausing ProtocolHandler ["http-nio-8080"]
24-Sep-2022 19:07:58.812 INFO [main] org.apache.catalina.core.StandardService.stopInternal Stopping service [Catalina]
24-Sep-2022 19:07:58.844 INFO [main] org.apache.coyote.AbstractProtocol.stop Stopping ProtocolHandler ["http-nio-8080"]
24-Sep-2022 19:07:58.845 INFO [main] org.apache.coyote.AbstractProtocol.destroy Destroying ProtocolHandler ["http-nio-8080"]
24-Sep-2022 19:17:52.438 INFO [main] org.apache.catalina.startup.VersionLoggerListener.log Server version name:   Apache Tomcat/9.0.60
24-Sep-2022 19:17:52.441 INFO [main] org.apache.catalina.startup.VersionLoggerListener.log Server built:          Mar 9 2022 14:52:25 UTC
24-Sep-2022 19:17:52.441 INFO [main] org.apache.catalina.startup.VersionLoggerListener.log Server version number: 9.0.60.0
24-Sep-2022 19:17:52.441 INFO [main] org.apache.catalina.startup.VersionLoggerListener.log OS Name:               Windows 11
24-Sep-2022 19:17:52.441 INFO [main] org.apache.catalina.startup.VersionLoggerListener.log OS Version:            10.0
24-Sep-2022 19:17:52.441 INFO [main] org.apache.catalina.startup.VersionLoggerListener.log Architecture:          amd64
24-Sep-2022 19:17:52.442 INFO [main] org.apache.catalina.startup.VersionLoggerListener.log Java Home:             C:\Program Files\Java\jdk-17.0.2
24-Sep-2022 19:17:52.442 INFO [main] org.apache.catalina.startup.VersionLoggerListener.log JVM Version:           17.0.2+8-LTS-86
24-Sep-2022 19:17:52.442 INFO [main] org.apache.catalina.startup.VersionLoggerListener.log JVM Vendor:            Oracle Corporation
24-Sep-2022 19:17:52.442 INFO [main] org.apache.catalina.startup.VersionLoggerListener.log CATALINA_BASE:         C:\Users\hp\Downloads\apache-tomcat-9.0.60\apache-tomcat-9.0.60
24-Sep-2022 19:17:52.442 INFO [main] org.apache.catalina.startup.VersionLoggerListener.log CATALINA_HOME:         C:\Users\hp\Downloads\apache-tomcat-9.0.60\apache-tomcat-9.0.60
24-Sep-2022 19:17:52.452 INFO [main] org.apache.catalina.startup.VersionLoggerListener.log Command line argument: --add-opens=java.base/java.lang=ALL-UNNAMED
24-Sep-2022 19:17:52.453 INFO [main] org.apache.catalina.startup.VersionLoggerListener.log Command line argument: --add-opens=java.base/java.io=ALL-UNNAMED
24-Sep-2022 19:17:52.453 INFO [main] org.apache.catalina.startup.VersionLoggerListener.log Command line argument: --add-opens=java.base/java.util=ALL-UNNAMED
24-Sep-2022 19:17:52.453 INFO [main] org.apache.catalina.startup.VersionLoggerListener.log Command line argument: --add-opens=java.base/java.util.concurrent=ALL-UNNAMED
24-Sep-2022 19:17:52.453 INFO [main] org.apache.catalina.startup.VersionLoggerListener.log Command line argument: --add-opens=java.rmi/sun.rmi.transport=ALL-UNNAMED
24-Sep-2022 19:17:52.453 INFO [main] org.apache.catalina.startup.VersionLoggerListener.log Command line argument: -Djava.util.logging.config.file=C:\Users\hp\Downloads\apache-tomcat-9.0.60\apache-tomcat-9.0.60\conf\logging.properties
24-Sep-2022 19:17:52.454 INFO [main] org.apache.catalina.startup.VersionLoggerListener.log Command line argument: -Djava.util.logging.manager=org.apache.juli.ClassLoaderLogManager
24-Sep-2022 19:17:52.454 INFO [main] org.apache.catalina.startup.VersionLoggerListener.log Command line argument: -Djdk.tls.ephemeralDHKeySize=2048
24-Sep-2022 19:17:52.455 INFO [main] org.apache.catalina.startup.VersionLoggerListener.log Command line argument: -Djava.protocol.handler.pkgs=org.apache.catalina.webresources
24-Sep-2022 19:17:52.455 INFO [main] org.apache.catalina.startup.VersionLoggerListener.log Command line argument: -Dignore.endorsed.dirs=
24-Sep-2022 19:17:52.455 INFO [main] org.apache.catalina.startup.VersionLoggerListener.log Command line argument: -Dcatalina.base=C:\Users\hp\Downloads\apache-tomcat-9.0.60\apache-tomcat-9.0.60
24-Sep-2022 19:17:52.455 INFO [main] org.apache.catalina.startup.VersionLoggerListener.log Command line argument: -Dcatalina.home=C:\Users\hp\Downloads\apache-tomcat-9.0.60\apache-tomcat-9.0.60
24-Sep-2022 19:17:52.457 INFO [main] org.apache.catalina.startup.VersionLoggerListener.log Command line argument: -Djava.io.tmpdir=C:\Users\hp\Downloads\apache-tomcat-9.0.60\apache-tomcat-9.0.60\temp
24-Sep-2022 19:17:52.460 INFO [main] org.apache.catalina.core.AprLifecycleListener.lifecycleEvent Loaded Apache Tomcat Native library [1.2.31] using APR version [1.7.0].
24-Sep-2022 19:17:52.461 INFO [main] org.apache.catalina.core.AprLifecycleListener.lifecycleEvent APR capabilities: IPv6 [true], sendfile [true], accept filters [false], random [true], UDS [true].
24-Sep-2022 19:17:52.461 INFO [main] org.apache.catalina.core.AprLifecycleListener.lifecycleEvent APR/OpenSSL configuration: useAprConnector [false], useOpenSSL [true]
24-Sep-2022 19:17:52.466 INFO [main] org.apache.catalina.core.AprLifecycleListener.initializeSSL OpenSSL successfully initialized [OpenSSL 1.1.1l  24 Aug 2021]
24-Sep-2022 19:17:52.688 INFO [main] org.apache.coyote.AbstractProtocol.init Initializing ProtocolHandler ["http-nio-8080"]
24-Sep-2022 19:17:52.709 INFO [main] org.apache.catalina.startup.Catalina.load Server initialization in [436] milliseconds
24-Sep-2022 19:17:52.739 INFO [main] org.apache.catalina.core.StandardService.startInternal Starting service [Catalina]
24-Sep-2022 19:17:52.740 INFO [main] org.apache.catalina.core.StandardEngine.startInternal Starting Servlet engine: [Apache Tomcat/9.0.60]
24-Sep-2022 19:17:52.749 INFO [main] org.apache.catalina.startup.HostConfig.deployDirectory Deploying web application directory [C:\Users\hp\Downloads\apache-tomcat-9.0.60\apache-tomcat-9.0.60\webapps\docs]
24-Sep-2022 19:17:53.416 INFO [main] org.apache.jasper.servlet.TldScanner.scanJars At least one JAR was scanned for TLDs yet contained no TLDs. Enable debug logging for this logger for a complete list of JARs that were scanned but no TLDs were found in them. Skipping unneeded JARs during scanning can improve startup time and JSP compilation time.
24-Sep-2022 19:17:53.493 INFO [main] org.apache.catalina.startup.HostConfig.deployDirectory Deployment of web application directory [C:\Users\hp\Downloads\apache-tomcat-9.0.60\apache-tomcat-9.0.60\webapps\docs] has finished in [743] ms
24-Sep-2022 19:17:53.494 INFO [main] org.apache.catalina.startup.HostConfig.deployDirectory Deploying web application directory [C:\Users\hp\Downloads\apache-tomcat-9.0.60\apache-tomcat-9.0.60\webapps\examples]
24-Sep-2022 19:17:54.403 INFO [main] org.apache.jasper.servlet.TldScanner.scanJars At least one JAR was scanned for TLDs yet contained no TLDs. Enable debug logging for this logger for a complete list of JARs that were scanned but no TLDs were found in them. Skipping unneeded JARs during scanning can improve startup time and JSP compilation time.
24-Sep-2022 19:17:54.472 INFO [main] org.apache.catalina.startup.HostConfig.deployDirectory Deployment of web application directory [C:\Users\hp\Downloads\apache-tomcat-9.0.60\apache-tomcat-9.0.60\webapps\examples] has finished in [979] ms
24-Sep-2022 19:17:54.472 INFO [main] org.apache.catalina.startup.HostConfig.deployDirectory Deploying web application directory [C:\Users\hp\Downloads\apache-tomcat-9.0.60\apache-tomcat-9.0.60\webapps\host-manager]
24-Sep-2022 19:17:54.921 INFO [main] org.apache.jasper.servlet.TldScanner.scanJars At least one JAR was scanned for TLDs yet contained no TLDs. Enable debug logging for this logger for a complete list of JARs that were scanned but no TLDs were found in them. Skipping unneeded JARs during scanning can improve startup time and JSP compilation time.
24-Sep-2022 19:17:54.930 INFO [main] org.apache.catalina.startup.HostConfig.deployDirectory Deployment of web application directory [C:\Users\hp\Downloads\apache-tomcat-9.0.60\apache-tomcat-9.0.60\webapps\host-manager] has finished in [458] ms
24-Sep-2022 19:17:54.931 INFO [main] org.apache.catalina.startup.HostConfig.deployDirectory Deploying web application directory [C:\Users\hp\Downloads\apache-tomcat-9.0.60\apache-tomcat-9.0.60\webapps\manager]
24-Sep-2022 19:17:55.400 INFO [main] org.apache.jasper.servlet.TldScanner.scanJars At least one JAR was scanned for TLDs yet contained no TLDs. Enable debug logging for this logger for a complete list of JARs that were scanned but no TLDs were found in them. Skipping unneeded JARs during scanning can improve startup time and JSP compilation time.
24-Sep-2022 19:17:55.406 INFO [main] org.apache.catalina.startup.HostConfig.deployDirectory Deployment of web application directory [C:\Users\hp\Downloads\apache-tomcat-9.0.60\apache-tomcat-9.0.60\webapps\manager] has finished in [475] ms
24-Sep-2022 19:17:55.406 INFO [main] org.apache.catalina.startup.HostConfig.deployDirectory Deploying web application directory [C:\Users\hp\Downloads\apache-tomcat-9.0.60\apache-tomcat-9.0.60\webapps\ROOT]
24-Sep-2022 19:17:55.960 INFO [main] org.apache.jasper.servlet.TldScanner.scanJars At least one JAR was scanned for TLDs yet contained no TLDs. Enable debug logging for this logger for a complete list of JARs that were scanned but no TLDs were found in them. Skipping unneeded JARs during scanning can improve startup time and JSP compilation time.
24-Sep-2022 19:17:55.988 INFO [main] org.apache.catalina.startup.HostConfig.deployDirectory Deployment of web application directory [C:\Users\hp\Downloads\apache-tomcat-9.0.60\apache-tomcat-9.0.60\webapps\ROOT] has finished in [582] ms
24-Sep-2022 19:17:55.991 INFO [main] org.apache.coyote.AbstractProtocol.start Starting ProtocolHandler ["http-nio-8080"]
24-Sep-2022 19:17:56.039 INFO [main] org.apache.catalina.startup.Catalina.start Server startup in [3329] milliseconds
