01-Aug-2022 15:26:57.575 INFO [main] org.apache.catalina.startup.VersionLoggerListener.log Server version name:   Apache Tomcat/9.0.60
01-Aug-2022 15:26:57.578 INFO [main] org.apache.catalina.startup.VersionLoggerListener.log Server built:          Mar 9 2022 14:52:25 UTC
01-Aug-2022 15:26:57.578 INFO [main] org.apache.catalina.startup.VersionLoggerListener.log Server version number: 9.0.60.0
01-Aug-2022 15:26:57.578 INFO [main] org.apache.catalina.startup.VersionLoggerListener.log OS Name:               Windows 11
01-Aug-2022 15:26:57.578 INFO [main] org.apache.catalina.startup.VersionLoggerListener.log OS Version:            10.0
01-Aug-2022 15:26:57.578 INFO [main] org.apache.catalina.startup.VersionLoggerListener.log Architecture:          amd64
01-Aug-2022 15:26:57.579 INFO [main] org.apache.catalina.startup.VersionLoggerListener.log Java Home:             C:\Program Files\Java\jdk-17.0.2
01-Aug-2022 15:26:57.579 INFO [main] org.apache.catalina.startup.VersionLoggerListener.log JVM Version:           17.0.2+8-LTS-86
01-Aug-2022 15:26:57.579 INFO [main] org.apache.catalina.startup.VersionLoggerListener.log JVM Vendor:            Oracle Corporation
01-Aug-2022 15:26:57.579 INFO [main] org.apache.catalina.startup.VersionLoggerListener.log CATALINA_BASE:         C:\Users\hp\Downloads\apache-tomcat-9.0.60\apache-tomcat-9.0.60
01-Aug-2022 15:26:57.579 INFO [main] org.apache.catalina.startup.VersionLoggerListener.log CATALINA_HOME:         C:\Users\hp\Downloads\apache-tomcat-9.0.60\apache-tomcat-9.0.60
01-Aug-2022 15:26:57.591 INFO [main] org.apache.catalina.startup.VersionLoggerListener.log Command line argument: --add-opens=java.base/java.lang=ALL-UNNAMED
01-Aug-2022 15:26:57.591 INFO [main] org.apache.catalina.startup.VersionLoggerListener.log Command line argument: --add-opens=java.base/java.io=ALL-UNNAMED
01-Aug-2022 15:26:57.591 INFO [main] org.apache.catalina.startup.VersionLoggerListener.log Command line argument: --add-opens=java.base/java.util=ALL-UNNAMED
01-Aug-2022 15:26:57.592 INFO [main] org.apache.catalina.startup.VersionLoggerListener.log Command line argument: --add-opens=java.base/java.util.concurrent=ALL-UNNAMED
01-Aug-2022 15:26:57.592 INFO [main] org.apache.catalina.startup.VersionLoggerListener.log Command line argument: --add-opens=java.rmi/sun.rmi.transport=ALL-UNNAMED
01-Aug-2022 15:26:57.592 INFO [main] org.apache.catalina.startup.VersionLoggerListener.log Command line argument: -Djava.util.logging.config.file=C:\Users\hp\Downloads\apache-tomcat-9.0.60\apache-tomcat-9.0.60\conf\logging.properties
01-Aug-2022 15:26:57.593 INFO [main] org.apache.catalina.startup.VersionLoggerListener.log Command line argument: -Djava.util.logging.manager=org.apache.juli.ClassLoaderLogManager
01-Aug-2022 15:26:57.593 INFO [main] org.apache.catalina.startup.VersionLoggerListener.log Command line argument: -Djdk.tls.ephemeralDHKeySize=2048
01-Aug-2022 15:26:57.594 INFO [main] org.apache.catalina.startup.VersionLoggerListener.log Command line argument: -Djava.protocol.handler.pkgs=org.apache.catalina.webresources
01-Aug-2022 15:26:57.594 INFO [main] org.apache.catalina.startup.VersionLoggerListener.log Command line argument: -Dignore.endorsed.dirs=
01-Aug-2022 15:26:57.594 INFO [main] org.apache.catalina.startup.VersionLoggerListener.log Command line argument: -Dcatalina.base=C:\Users\hp\Downloads\apache-tomcat-9.0.60\apache-tomcat-9.0.60
01-Aug-2022 15:26:57.594 INFO [main] org.apache.catalina.startup.VersionLoggerListener.log Command line argument: -Dcatalina.home=C:\Users\hp\Downloads\apache-tomcat-9.0.60\apache-tomcat-9.0.60
01-Aug-2022 15:26:57.594 INFO [main] org.apache.catalina.startup.VersionLoggerListener.log Command line argument: -Djava.io.tmpdir=C:\Users\hp\Downloads\apache-tomcat-9.0.60\apache-tomcat-9.0.60\temp
01-Aug-2022 15:26:57.599 INFO [main] org.apache.catalina.core.AprLifecycleListener.lifecycleEvent Loaded Apache Tomcat Native library [1.2.31] using APR version [1.7.0].
01-Aug-2022 15:26:57.599 INFO [main] org.apache.catalina.core.AprLifecycleListener.lifecycleEvent APR capabilities: IPv6 [true], sendfile [true], accept filters [false], random [true], UDS [true].
01-Aug-2022 15:26:57.599 INFO [main] org.apache.catalina.core.AprLifecycleListener.lifecycleEvent APR/OpenSSL configuration: useAprConnector [false], useOpenSSL [true]
01-Aug-2022 15:26:57.604 INFO [main] org.apache.catalina.core.AprLifecycleListener.initializeSSL OpenSSL successfully initialized [OpenSSL 1.1.1l  24 Aug 2021]
01-Aug-2022 15:26:57.841 INFO [main] org.apache.coyote.AbstractProtocol.init Initializing ProtocolHandler ["http-nio-8080"]
01-Aug-2022 15:26:57.859 INFO [main] org.apache.catalina.startup.Catalina.load Server initialization in [443] milliseconds
01-Aug-2022 15:26:57.893 INFO [main] org.apache.catalina.core.StandardService.startInternal Starting service [Catalina]
01-Aug-2022 15:26:57.893 INFO [main] org.apache.catalina.core.StandardEngine.startInternal Starting Servlet engine: [Apache Tomcat/9.0.60]
01-Aug-2022 15:26:57.900 INFO [main] org.apache.catalina.startup.HostConfig.deployDirectory Deploying web application directory [C:\Users\hp\Downloads\apache-tomcat-9.0.60\apache-tomcat-9.0.60\webapps\docs]
01-Aug-2022 15:26:58.142 INFO [main] org.apache.catalina.startup.HostConfig.deployDirectory Deployment of web application directory [C:\Users\hp\Downloads\apache-tomcat-9.0.60\apache-tomcat-9.0.60\webapps\docs] has finished in [242] ms
01-Aug-2022 15:26:58.143 INFO [main] org.apache.catalina.startup.HostConfig.deployDirectory Deploying web application directory [C:\Users\hp\Downloads\apache-tomcat-9.0.60\apache-tomcat-9.0.60\webapps\examples]
01-Aug-2022 15:26:58.588 INFO [main] org.apache.catalina.startup.HostConfig.deployDirectory Deployment of web application directory [C:\Users\hp\Downloads\apache-tomcat-9.0.60\apache-tomcat-9.0.60\webapps\examples] has finished in [446] ms
01-Aug-2022 15:26:58.589 INFO [main] org.apache.catalina.startup.HostConfig.deployDirectory Deploying web application directory [C:\Users\hp\Downloads\apache-tomcat-9.0.60\apache-tomcat-9.0.60\webapps\host-manager]
01-Aug-2022 15:26:58.631 INFO [main] org.apache.catalina.startup.HostConfig.deployDirectory Deployment of web application directory [C:\Users\hp\Downloads\apache-tomcat-9.0.60\apache-tomcat-9.0.60\webapps\host-manager] has finished in [42] ms
01-Aug-2022 15:26:58.632 INFO [main] org.apache.catalina.startup.HostConfig.deployDirectory Deploying web application directory [C:\Users\hp\Downloads\apache-tomcat-9.0.60\apache-tomcat-9.0.60\webapps\manager]
01-Aug-2022 15:26:58.678 INFO [main] org.apache.catalina.startup.HostConfig.deployDirectory Deployment of web application directory [C:\Users\hp\Downloads\apache-tomcat-9.0.60\apache-tomcat-9.0.60\webapps\manager] has finished in [45] ms
01-Aug-2022 15:26:58.678 INFO [main] org.apache.catalina.startup.HostConfig.deployDirectory Deploying web application directory [C:\Users\hp\Downloads\apache-tomcat-9.0.60\apache-tomcat-9.0.60\webapps\ROOT]
01-Aug-2022 15:26:58.856 INFO [main] org.apache.jasper.servlet.TldScanner.scanJars At least one JAR was scanned for TLDs yet contained no TLDs. Enable debug logging for this logger for a complete list of JARs that were scanned but no TLDs were found in them. Skipping unneeded JARs during scanning can improve startup time and JSP compilation time.
01-Aug-2022 15:26:58.885 INFO [main] org.apache.catalina.startup.HostConfig.deployDirectory Deployment of web application directory [C:\Users\hp\Downloads\apache-tomcat-9.0.60\apache-tomcat-9.0.60\webapps\ROOT] has finished in [207] ms
01-Aug-2022 15:26:58.887 INFO [main] org.apache.coyote.AbstractProtocol.start Starting ProtocolHandler ["http-nio-8080"]
01-Aug-2022 15:26:58.921 INFO [main] org.apache.catalina.startup.Catalina.start Server startup in [1061] milliseconds
