14-Sep-2022 13:05:15.576 INFO [main] org.apache.catalina.core.ApplicationContext.log ContextListener: contextInitialized()
14-Sep-2022 13:05:15.577 INFO [main] org.apache.catalina.core.ApplicationContext.log SessionListener: contextInitialized()
14-Sep-2022 13:05:15.580 INFO [main] org.apache.catalina.core.ApplicationContext.log ContextListener: attributeAdded('StockTicker', 'async.Stockticker@6f0ca692')
14-Sep-2022 13:34:29.910 SEVERE [http-nio-8080-exec-2] org.apache.catalina.core.StandardWrapperValve.invoke Servlet.service() for servlet [jsp] in context with path [] threw exception [An exception occurred processing [/process.jsp] at line [69]

66:         <c:set var = "model" value = "${modelnew}"/>
67:         
68:         <c:import var ="result" url="http://127.0.0.1:5000/${cc}/${model}"  />
69:         <% String json = (String)pageContext.getAttribute("result");
70:         String json2 = json.replace("}", "");
71:         StringTokenizer st = new StringTokenizer(json2,",");
72:         %>


Stacktrace:] with root cause
	java.net.ConnectException: Connection refused: connect
		at java.base/sun.nio.ch.Net.connect0(Native Method)
		at java.base/sun.nio.ch.Net.connect(Net.java:579)
		at java.base/sun.nio.ch.Net.connect(Net.java:568)
		at java.base/sun.nio.ch.NioSocketImpl.connect(NioSocketImpl.java:588)
		at java.base/java.net.Socket.connect(Socket.java:633)
		at java.base/java.net.Socket.connect(Socket.java:583)
		at java.base/sun.net.NetworkClient.doConnect(NetworkClient.java:183)
		at java.base/sun.net.www.http.HttpClient.openServer(HttpClient.java:498)
		at java.base/sun.net.www.http.HttpClient.openServer(HttpClient.java:603)
		at java.base/sun.net.www.http.HttpClient.<init>(HttpClient.java:246)
		at java.base/sun.net.www.http.HttpClient.New(HttpClient.java:351)
		at java.base/sun.net.www.http.HttpClient.New(HttpClient.java:373)
		at java.base/sun.net.www.protocol.http.HttpURLConnection.getNewHttpClient(HttpURLConnection.java:1309)
		at java.base/sun.net.www.protocol.http.HttpURLConnection.plainConnect0(HttpURLConnection.java:1242)
		at java.base/sun.net.www.protocol.http.HttpURLConnection.plainConnect(HttpURLConnection.java:1128)
		at java.base/sun.net.www.protocol.http.HttpURLConnection.connect(HttpURLConnection.java:1057)
		at java.base/sun.net.www.protocol.http.HttpURLConnection.getInputStream0(HttpURLConnection.java:1665)
		at java.base/sun.net.www.protocol.http.HttpURLConnection.getInputStream(HttpURLConnection.java:1589)
		at org.apache.taglibs.standard.tag.common.core.ImportSupport.acquireReader(ImportSupport.java:349)
		at org.apache.taglibs.standard.tag.common.core.ImportSupport.acquireString(ImportSupport.java:251)
		at org.apache.taglibs.standard.tag.common.core.ImportSupport.doEndTag(ImportSupport.java:168)
		at org.apache.jsp.process_jsp._jspx_meth_c_005fimport_005f0(process_jsp.java:778)
		at org.apache.jsp.process_jsp._jspService(process_jsp.java:232)
		at org.apache.jasper.runtime.HttpJspBase.service(HttpJspBase.java:70)
		at javax.servlet.http.HttpServlet.service(HttpServlet.java:764)
		at org.apache.jasper.servlet.JspServletWrapper.service(JspServletWrapper.java:466)
		at org.apache.jasper.servlet.JspServlet.serviceJspFile(JspServlet.java:379)
		at org.apache.jasper.servlet.JspServlet.service(JspServlet.java:327)
		at javax.servlet.http.HttpServlet.service(HttpServlet.java:764)
		at org.apache.catalina.core.ApplicationFilterChain.internalDoFilter(ApplicationFilterChain.java:227)
		at org.apache.catalina.core.ApplicationFilterChain.doFilter(ApplicationFilterChain.java:162)
		at org.apache.tomcat.websocket.server.WsFilter.doFilter(WsFilter.java:53)
		at org.apache.catalina.core.ApplicationFilterChain.internalDoFilter(ApplicationFilterChain.java:189)
		at org.apache.catalina.core.ApplicationFilterChain.doFilter(ApplicationFilterChain.java:162)
		at org.apache.catalina.core.StandardWrapperValve.invoke(StandardWrapperValve.java:197)
		at org.apache.catalina.core.StandardContextValve.invoke(StandardContextValve.java:97)
		at org.apache.catalina.authenticator.AuthenticatorBase.invoke(AuthenticatorBase.java:541)
		at org.apache.catalina.core.StandardHostValve.invoke(StandardHostValve.java:135)
		at org.apache.catalina.valves.ErrorReportValve.invoke(ErrorReportValve.java:92)
		at org.apache.catalina.valves.AbstractAccessLogValve.invoke(AbstractAccessLogValve.java:687)
		at org.apache.catalina.core.StandardEngineValve.invoke(StandardEngineValve.java:78)
		at org.apache.catalina.connector.CoyoteAdapter.service(CoyoteAdapter.java:360)
		at org.apache.coyote.http11.Http11Processor.service(Http11Processor.java:399)
		at org.apache.coyote.AbstractProcessorLight.process(AbstractProcessorLight.java:65)
		at org.apache.coyote.AbstractProtocol$ConnectionHandler.process(AbstractProtocol.java:889)
		at org.apache.tomcat.util.net.NioEndpoint$SocketProcessor.doRun(NioEndpoint.java:1743)
		at org.apache.tomcat.util.net.SocketProcessorBase.run(SocketProcessorBase.java:49)
		at org.apache.tomcat.util.threads.ThreadPoolExecutor.runWorker(ThreadPoolExecutor.java:1191)
		at org.apache.tomcat.util.threads.ThreadPoolExecutor$Worker.run(ThreadPoolExecutor.java:659)
		at org.apache.tomcat.util.threads.TaskThread$WrappingRunnable.run(TaskThread.java:61)
		at java.base/java.lang.Thread.run(Thread.java:833)
14-Sep-2022 13:36:29.224 SEVERE [http-nio-8080-exec-4] org.apache.catalina.core.StandardWrapperValve.invoke Servlet.service() for servlet [jsp] in context with path [] threw exception [An exception occurred processing [/process.jsp] at line [69]

66:         <c:set var = "model" value = "${modelnew}"/>
67:         
68:         <c:import var ="result" url="http://127.0.0.1:5000/${cc}/${model}"  />
69:         <% String json = (String)pageContext.getAttribute("result");
70:         String json2 = json.replace("}", "");
71:         StringTokenizer st = new StringTokenizer(json2,",");
72:         %>


Stacktrace:] with root cause
	java.net.ConnectException: Connection refused: connect
		at java.base/sun.nio.ch.Net.connect0(Native Method)
		at java.base/sun.nio.ch.Net.connect(Net.java:579)
		at java.base/sun.nio.ch.Net.connect(Net.java:568)
		at java.base/sun.nio.ch.NioSocketImpl.connect(NioSocketImpl.java:588)
		at java.base/java.net.Socket.connect(Socket.java:633)
		at java.base/java.net.Socket.connect(Socket.java:583)
		at java.base/sun.net.NetworkClient.doConnect(NetworkClient.java:183)
		at java.base/sun.net.www.http.HttpClient.openServer(HttpClient.java:498)
		at java.base/sun.net.www.http.HttpClient.openServer(HttpClient.java:603)
		at java.base/sun.net.www.http.HttpClient.<init>(HttpClient.java:246)
		at java.base/sun.net.www.http.HttpClient.New(HttpClient.java:351)
		at java.base/sun.net.www.http.HttpClient.New(HttpClient.java:373)
		at java.base/sun.net.www.protocol.http.HttpURLConnection.getNewHttpClient(HttpURLConnection.java:1309)
		at java.base/sun.net.www.protocol.http.HttpURLConnection.plainConnect0(HttpURLConnection.java:1242)
		at java.base/sun.net.www.protocol.http.HttpURLConnection.plainConnect(HttpURLConnection.java:1128)
		at java.base/sun.net.www.protocol.http.HttpURLConnection.connect(HttpURLConnection.java:1057)
		at java.base/sun.net.www.protocol.http.HttpURLConnection.getInputStream0(HttpURLConnection.java:1665)
		at java.base/sun.net.www.protocol.http.HttpURLConnection.getInputStream(HttpURLConnection.java:1589)
		at org.apache.taglibs.standard.tag.common.core.ImportSupport.acquireReader(ImportSupport.java:349)
		at org.apache.taglibs.standard.tag.common.core.ImportSupport.acquireString(ImportSupport.java:251)
		at org.apache.taglibs.standard.tag.common.core.ImportSupport.doEndTag(ImportSupport.java:168)
		at org.apache.jsp.process_jsp._jspx_meth_c_005fimport_005f0(process_jsp.java:778)
		at org.apache.jsp.process_jsp._jspService(process_jsp.java:232)
		at org.apache.jasper.runtime.HttpJspBase.service(HttpJspBase.java:70)
		at javax.servlet.http.HttpServlet.service(HttpServlet.java:764)
		at org.apache.jasper.servlet.JspServletWrapper.service(JspServletWrapper.java:466)
		at org.apache.jasper.servlet.JspServlet.serviceJspFile(JspServlet.java:379)
		at org.apache.jasper.servlet.JspServlet.service(JspServlet.java:327)
		at javax.servlet.http.HttpServlet.service(HttpServlet.java:764)
		at org.apache.catalina.core.ApplicationFilterChain.internalDoFilter(ApplicationFilterChain.java:227)
		at org.apache.catalina.core.ApplicationFilterChain.doFilter(ApplicationFilterChain.java:162)
		at org.apache.tomcat.websocket.server.WsFilter.doFilter(WsFilter.java:53)
		at org.apache.catalina.core.ApplicationFilterChain.internalDoFilter(ApplicationFilterChain.java:189)
		at org.apache.catalina.core.ApplicationFilterChain.doFilter(ApplicationFilterChain.java:162)
		at org.apache.catalina.core.StandardWrapperValve.invoke(StandardWrapperValve.java:197)
		at org.apache.catalina.core.StandardContextValve.invoke(StandardContextValve.java:97)
		at org.apache.catalina.authenticator.AuthenticatorBase.invoke(AuthenticatorBase.java:541)
		at org.apache.catalina.core.StandardHostValve.invoke(StandardHostValve.java:135)
		at org.apache.catalina.valves.ErrorReportValve.invoke(ErrorReportValve.java:92)
		at org.apache.catalina.valves.AbstractAccessLogValve.invoke(AbstractAccessLogValve.java:687)
		at org.apache.catalina.core.StandardEngineValve.invoke(StandardEngineValve.java:78)
		at org.apache.catalina.connector.CoyoteAdapter.service(CoyoteAdapter.java:360)
		at org.apache.coyote.http11.Http11Processor.service(Http11Processor.java:399)
		at org.apache.coyote.AbstractProcessorLight.process(AbstractProcessorLight.java:65)
		at org.apache.coyote.AbstractProtocol$ConnectionHandler.process(AbstractProtocol.java:889)
		at org.apache.tomcat.util.net.NioEndpoint$SocketProcessor.doRun(NioEndpoint.java:1743)
		at org.apache.tomcat.util.net.SocketProcessorBase.run(SocketProcessorBase.java:49)
		at org.apache.tomcat.util.threads.ThreadPoolExecutor.runWorker(ThreadPoolExecutor.java:1191)
		at org.apache.tomcat.util.threads.ThreadPoolExecutor$Worker.run(ThreadPoolExecutor.java:659)
		at org.apache.tomcat.util.threads.TaskThread$WrappingRunnable.run(TaskThread.java:61)
		at java.base/java.lang.Thread.run(Thread.java:833)
14-Sep-2022 13:38:10.480 INFO [main] org.apache.catalina.core.ApplicationContext.log ContextListener: contextInitialized()
14-Sep-2022 13:38:10.480 INFO [main] org.apache.catalina.core.ApplicationContext.log SessionListener: contextInitialized()
14-Sep-2022 13:38:10.482 INFO [main] org.apache.catalina.core.ApplicationContext.log ContextListener: attributeAdded('StockTicker', 'async.Stockticker@2c7d121c')
14-Sep-2022 13:39:27.111 SEVERE [http-nio-8080-exec-4] org.apache.catalina.core.StandardWrapperValve.invoke Servlet.service() for servlet [jsp] in context with path [] threw exception [An exception occurred processing [process.jsp] at line [39]

36:      
37:         %>
38:         
39:         <sql:setDataSource var = "snapshot" driver = "com.mysql.jdbc.Driver"
40:          url = "jdbc:mysql://localhost/fakenews"
41:          user = "root"  password = "yogesh@021991"/>
42:          <sql:update dataSource = "${snapshot}" var = "result">


Stacktrace:] with root cause
	java.lang.ClassNotFoundException: com.mysql.jdbc.Driver
		at org.apache.catalina.loader.WebappClassLoaderBase.loadClass(WebappClassLoaderBase.java:1407)
		at org.apache.catalina.loader.WebappClassLoaderBase.loadClass(WebappClassLoaderBase.java:1215)
		at java.base/java.lang.Class.forName0(Native Method)
		at java.base/java.lang.Class.forName(Class.java:467)
		at org.apache.taglibs.standard.tag.common.sql.DataSourceWrapper.setDriverClassName(DataSourceWrapper.java:55)
		at org.apache.taglibs.standard.tag.common.sql.SetDataSourceTagSupport.doStartTag(SetDataSourceTagSupport.java:111)
		at org.apache.jsp.process_jsp._jspx_meth_sql_005fsetDataSource_005f0(process_jsp.java:644)
		at org.apache.jsp.process_jsp._jspService(process_jsp.java:191)
		at org.apache.jasper.runtime.HttpJspBase.service(HttpJspBase.java:70)
		at javax.servlet.http.HttpServlet.service(HttpServlet.java:764)
		at org.apache.jasper.servlet.JspServletWrapper.service(JspServletWrapper.java:466)
		at org.apache.jasper.servlet.JspServlet.serviceJspFile(JspServlet.java:379)
		at org.apache.jasper.servlet.JspServlet.service(JspServlet.java:327)
		at javax.servlet.http.HttpServlet.service(HttpServlet.java:764)
		at org.apache.catalina.core.ApplicationFilterChain.internalDoFilter(ApplicationFilterChain.java:227)
		at org.apache.catalina.core.ApplicationFilterChain.doFilter(ApplicationFilterChain.java:162)
		at org.apache.tomcat.websocket.server.WsFilter.doFilter(WsFilter.java:53)
		at org.apache.catalina.core.ApplicationFilterChain.internalDoFilter(ApplicationFilterChain.java:189)
		at org.apache.catalina.core.ApplicationFilterChain.doFilter(ApplicationFilterChain.java:162)
		at org.apache.catalina.core.StandardWrapperValve.invoke(StandardWrapperValve.java:197)
		at org.apache.catalina.core.StandardContextValve.invoke(StandardContextValve.java:97)
		at org.apache.catalina.authenticator.AuthenticatorBase.invoke(AuthenticatorBase.java:541)
		at org.apache.catalina.core.StandardHostValve.invoke(StandardHostValve.java:135)
		at org.apache.catalina.valves.ErrorReportValve.invoke(ErrorReportValve.java:92)
		at org.apache.catalina.valves.AbstractAccessLogValve.invoke(AbstractAccessLogValve.java:687)
		at org.apache.catalina.core.StandardEngineValve.invoke(StandardEngineValve.java:78)
		at org.apache.catalina.connector.CoyoteAdapter.service(CoyoteAdapter.java:360)
		at org.apache.coyote.http11.Http11Processor.service(Http11Processor.java:399)
		at org.apache.coyote.AbstractProcessorLight.process(AbstractProcessorLight.java:65)
		at org.apache.coyote.AbstractProtocol$ConnectionHandler.process(AbstractProtocol.java:889)
		at org.apache.tomcat.util.net.NioEndpoint$SocketProcessor.doRun(NioEndpoint.java:1743)
		at org.apache.tomcat.util.net.SocketProcessorBase.run(SocketProcessorBase.java:49)
		at org.apache.tomcat.util.threads.ThreadPoolExecutor.runWorker(ThreadPoolExecutor.java:1191)
		at org.apache.tomcat.util.threads.ThreadPoolExecutor$Worker.run(ThreadPoolExecutor.java:659)
		at org.apache.tomcat.util.threads.TaskThread$WrappingRunnable.run(TaskThread.java:61)
		at java.base/java.lang.Thread.run(Thread.java:833)
14-Sep-2022 13:53:02.565 INFO [main] org.apache.catalina.core.ApplicationContext.log ContextListener: contextInitialized()
14-Sep-2022 13:53:02.565 INFO [main] org.apache.catalina.core.ApplicationContext.log SessionListener: contextInitialized()
14-Sep-2022 13:53:02.568 INFO [main] org.apache.catalina.core.ApplicationContext.log ContextListener: attributeAdded('StockTicker', 'async.Stockticker@2c7d121c')
14-Sep-2022 15:40:24.724 SEVERE [http-nio-8080-exec-9] org.apache.catalina.core.StandardWrapperValve.invoke Servlet.service() for servlet [jsp] in context with path [] threw exception [An exception occurred processing [process.jsp] at line [31]

28:         String t6 = request.getParameter("choose2");
29: 
30: 		 String run=request.getParameter("run");
31:        if (run.equals("2"))
32: 
33:        { 
34:         String decision = request.getParameter("decision");


Stacktrace:] with root cause
	java.lang.NullPointerException: Cannot invoke "String.equals(Object)" because "run" is null
		at org.apache.jsp.process_jsp._jspService(process_jsp.java:181)
		at org.apache.jasper.runtime.HttpJspBase.service(HttpJspBase.java:70)
		at javax.servlet.http.HttpServlet.service(HttpServlet.java:764)
		at org.apache.jasper.servlet.JspServletWrapper.service(JspServletWrapper.java:466)
		at org.apache.jasper.servlet.JspServlet.serviceJspFile(JspServlet.java:379)
		at org.apache.jasper.servlet.JspServlet.service(JspServlet.java:327)
		at javax.servlet.http.HttpServlet.service(HttpServlet.java:764)
		at org.apache.catalina.core.ApplicationFilterChain.internalDoFilter(ApplicationFilterChain.java:227)
		at org.apache.catalina.core.ApplicationFilterChain.doFilter(ApplicationFilterChain.java:162)
		at org.apache.tomcat.websocket.server.WsFilter.doFilter(WsFilter.java:53)
		at org.apache.catalina.core.ApplicationFilterChain.internalDoFilter(ApplicationFilterChain.java:189)
		at org.apache.catalina.core.ApplicationFilterChain.doFilter(ApplicationFilterChain.java:162)
		at org.apache.catalina.core.StandardWrapperValve.invoke(StandardWrapperValve.java:197)
		at org.apache.catalina.core.StandardContextValve.invoke(StandardContextValve.java:97)
		at org.apache.catalina.authenticator.AuthenticatorBase.invoke(AuthenticatorBase.java:541)
		at org.apache.catalina.core.StandardHostValve.invoke(StandardHostValve.java:135)
		at org.apache.catalina.valves.ErrorReportValve.invoke(ErrorReportValve.java:92)
		at org.apache.catalina.valves.AbstractAccessLogValve.invoke(AbstractAccessLogValve.java:687)
		at org.apache.catalina.core.StandardEngineValve.invoke(StandardEngineValve.java:78)
		at org.apache.catalina.connector.CoyoteAdapter.service(CoyoteAdapter.java:360)
		at org.apache.coyote.http11.Http11Processor.service(Http11Processor.java:399)
		at org.apache.coyote.AbstractProcessorLight.process(AbstractProcessorLight.java:65)
		at org.apache.coyote.AbstractProtocol$ConnectionHandler.process(AbstractProtocol.java:889)
		at org.apache.tomcat.util.net.NioEndpoint$SocketProcessor.doRun(NioEndpoint.java:1743)
		at org.apache.tomcat.util.net.SocketProcessorBase.run(SocketProcessorBase.java:49)
		at org.apache.tomcat.util.threads.ThreadPoolExecutor.runWorker(ThreadPoolExecutor.java:1191)
		at org.apache.tomcat.util.threads.ThreadPoolExecutor$Worker.run(ThreadPoolExecutor.java:659)
		at org.apache.tomcat.util.threads.TaskThread$WrappingRunnable.run(TaskThread.java:61)
		at java.base/java.lang.Thread.run(Thread.java:833)
14-Sep-2022 16:11:32.344 SEVERE [http-nio-8080-exec-10] org.apache.catalina.core.StandardWrapperValve.invoke Servlet.service() for servlet [jsp] in context with path [] threw exception [An exception occurred processing [process.jsp] at line [31]

28:         String t6 = request.getParameter("choose2");
29: 
30: 		 String run=request.getParameter("run");
31:        if (run.equals("2"))
32: 
33:        { 
34:         String decision = request.getParameter("decision");


Stacktrace:] with root cause
	java.lang.NullPointerException: Cannot invoke "String.equals(Object)" because "run" is null
		at org.apache.jsp.process_jsp._jspService(process_jsp.java:181)
		at org.apache.jasper.runtime.HttpJspBase.service(HttpJspBase.java:70)
		at javax.servlet.http.HttpServlet.service(HttpServlet.java:764)
		at org.apache.jasper.servlet.JspServletWrapper.service(JspServletWrapper.java:466)
		at org.apache.jasper.servlet.JspServlet.serviceJspFile(JspServlet.java:379)
		at org.apache.jasper.servlet.JspServlet.service(JspServlet.java:327)
		at javax.servlet.http.HttpServlet.service(HttpServlet.java:764)
		at org.apache.catalina.core.ApplicationFilterChain.internalDoFilter(ApplicationFilterChain.java:227)
		at org.apache.catalina.core.ApplicationFilterChain.doFilter(ApplicationFilterChain.java:162)
		at org.apache.tomcat.websocket.server.WsFilter.doFilter(WsFilter.java:53)
		at org.apache.catalina.core.ApplicationFilterChain.internalDoFilter(ApplicationFilterChain.java:189)
		at org.apache.catalina.core.ApplicationFilterChain.doFilter(ApplicationFilterChain.java:162)
		at org.apache.catalina.core.StandardWrapperValve.invoke(StandardWrapperValve.java:197)
		at org.apache.catalina.core.StandardContextValve.invoke(StandardContextValve.java:97)
		at org.apache.catalina.authenticator.AuthenticatorBase.invoke(AuthenticatorBase.java:541)
		at org.apache.catalina.core.StandardHostValve.invoke(StandardHostValve.java:135)
		at org.apache.catalina.valves.ErrorReportValve.invoke(ErrorReportValve.java:92)
		at org.apache.catalina.valves.AbstractAccessLogValve.invoke(AbstractAccessLogValve.java:687)
		at org.apache.catalina.core.StandardEngineValve.invoke(StandardEngineValve.java:78)
		at org.apache.catalina.connector.CoyoteAdapter.service(CoyoteAdapter.java:360)
		at org.apache.coyote.http11.Http11Processor.service(Http11Processor.java:399)
		at org.apache.coyote.AbstractProcessorLight.process(AbstractProcessorLight.java:65)
		at org.apache.coyote.AbstractProtocol$ConnectionHandler.process(AbstractProtocol.java:889)
		at org.apache.tomcat.util.net.NioEndpoint$SocketProcessor.doRun(NioEndpoint.java:1743)
		at org.apache.tomcat.util.net.SocketProcessorBase.run(SocketProcessorBase.java:49)
		at org.apache.tomcat.util.threads.ThreadPoolExecutor.runWorker(ThreadPoolExecutor.java:1191)
		at org.apache.tomcat.util.threads.ThreadPoolExecutor$Worker.run(ThreadPoolExecutor.java:659)
		at org.apache.tomcat.util.threads.TaskThread$WrappingRunnable.run(TaskThread.java:61)
		at java.base/java.lang.Thread.run(Thread.java:833)
14-Sep-2022 16:11:33.496 SEVERE [http-nio-8080-exec-1] org.apache.catalina.core.StandardWrapperValve.invoke Servlet.service() for servlet [jsp] in context with path [] threw exception [An exception occurred processing [process.jsp] at line [31]

28:         String t6 = request.getParameter("choose2");
29: 
30: 		 String run=request.getParameter("run");
31:        if (run.equals("2"))
32: 
33:        { 
34:         String decision = request.getParameter("decision");


Stacktrace:] with root cause
	java.lang.NullPointerException: Cannot invoke "String.equals(Object)" because "run" is null
		at org.apache.jsp.process_jsp._jspService(process_jsp.java:181)
		at org.apache.jasper.runtime.HttpJspBase.service(HttpJspBase.java:70)
		at javax.servlet.http.HttpServlet.service(HttpServlet.java:764)
		at org.apache.jasper.servlet.JspServletWrapper.service(JspServletWrapper.java:466)
		at org.apache.jasper.servlet.JspServlet.serviceJspFile(JspServlet.java:379)
		at org.apache.jasper.servlet.JspServlet.service(JspServlet.java:327)
		at javax.servlet.http.HttpServlet.service(HttpServlet.java:764)
		at org.apache.catalina.core.ApplicationFilterChain.internalDoFilter(ApplicationFilterChain.java:227)
		at org.apache.catalina.core.ApplicationFilterChain.doFilter(ApplicationFilterChain.java:162)
		at org.apache.tomcat.websocket.server.WsFilter.doFilter(WsFilter.java:53)
		at org.apache.catalina.core.ApplicationFilterChain.internalDoFilter(ApplicationFilterChain.java:189)
		at org.apache.catalina.core.ApplicationFilterChain.doFilter(ApplicationFilterChain.java:162)
		at org.apache.catalina.core.StandardWrapperValve.invoke(StandardWrapperValve.java:197)
		at org.apache.catalina.core.StandardContextValve.invoke(StandardContextValve.java:97)
		at org.apache.catalina.authenticator.AuthenticatorBase.invoke(AuthenticatorBase.java:541)
		at org.apache.catalina.core.StandardHostValve.invoke(StandardHostValve.java:135)
		at org.apache.catalina.valves.ErrorReportValve.invoke(ErrorReportValve.java:92)
		at org.apache.catalina.valves.AbstractAccessLogValve.invoke(AbstractAccessLogValve.java:687)
		at org.apache.catalina.core.StandardEngineValve.invoke(StandardEngineValve.java:78)
		at org.apache.catalina.connector.CoyoteAdapter.service(CoyoteAdapter.java:360)
		at org.apache.coyote.http11.Http11Processor.service(Http11Processor.java:399)
		at org.apache.coyote.AbstractProcessorLight.process(AbstractProcessorLight.java:65)
		at org.apache.coyote.AbstractProtocol$ConnectionHandler.process(AbstractProtocol.java:889)
		at org.apache.tomcat.util.net.NioEndpoint$SocketProcessor.doRun(NioEndpoint.java:1743)
		at org.apache.tomcat.util.net.SocketProcessorBase.run(SocketProcessorBase.java:49)
		at org.apache.tomcat.util.threads.ThreadPoolExecutor.runWorker(ThreadPoolExecutor.java:1191)
		at org.apache.tomcat.util.threads.ThreadPoolExecutor$Worker.run(ThreadPoolExecutor.java:659)
		at org.apache.tomcat.util.threads.TaskThread$WrappingRunnable.run(TaskThread.java:61)
		at java.base/java.lang.Thread.run(Thread.java:833)
14-Sep-2022 19:25:48.388 INFO [main] org.apache.catalina.core.ApplicationContext.log ContextListener: contextInitialized()
14-Sep-2022 19:25:48.388 INFO [main] org.apache.catalina.core.ApplicationContext.log SessionListener: contextInitialized()
14-Sep-2022 19:25:48.389 INFO [main] org.apache.catalina.core.ApplicationContext.log ContextListener: attributeAdded('StockTicker', 'async.Stockticker@65aa6596')
14-Sep-2022 19:32:54.101 SEVERE [http-nio-8080-exec-1] org.apache.catalina.core.StandardWrapperValve.invoke Servlet.service() for servlet [jsp] in context with path [] threw exception [An exception occurred processing [/create.jsp] at line [33]

30:       pageContext.setAttribute("modelnew",input,pageContext.SESSION_SCOPE);
31:       %>
32: 
33:       <sql:setDataSource var = "snapshot" driver = "com.mysql.jdbc.Driver"
34:       url = "jdbc:mysql://localhost/fakenews"
35:       user = "root"  password = "mahesh1998"/>
36:       


Stacktrace:] with root cause
	java.lang.ClassNotFoundException: com.mysql.jdbc.Driver
		at org.apache.catalina.loader.WebappClassLoaderBase.loadClass(WebappClassLoaderBase.java:1407)
		at org.apache.catalina.loader.WebappClassLoaderBase.loadClass(WebappClassLoaderBase.java:1215)
		at java.base/java.lang.Class.forName0(Native Method)
		at java.base/java.lang.Class.forName(Class.java:467)
		at org.apache.taglibs.standard.tag.common.sql.DataSourceWrapper.setDriverClassName(DataSourceWrapper.java:55)
		at org.apache.taglibs.standard.tag.common.sql.SetDataSourceTagSupport.doStartTag(SetDataSourceTagSupport.java:111)
		at org.apache.jsp.create_jsp._jspx_meth_sql_005fsetDataSource_005f0(create_jsp.java:270)
		at org.apache.jsp.create_jsp._jspService(create_jsp.java:184)
		at org.apache.jasper.runtime.HttpJspBase.service(HttpJspBase.java:70)
		at javax.servlet.http.HttpServlet.service(HttpServlet.java:764)
		at org.apache.jasper.servlet.JspServletWrapper.service(JspServletWrapper.java:466)
		at org.apache.jasper.servlet.JspServlet.serviceJspFile(JspServlet.java:379)
		at org.apache.jasper.servlet.JspServlet.service(JspServlet.java:327)
		at javax.servlet.http.HttpServlet.service(HttpServlet.java:764)
		at org.apache.catalina.core.ApplicationFilterChain.internalDoFilter(ApplicationFilterChain.java:227)
		at org.apache.catalina.core.ApplicationFilterChain.doFilter(ApplicationFilterChain.java:162)
		at org.apache.tomcat.websocket.server.WsFilter.doFilter(WsFilter.java:53)
		at org.apache.catalina.core.ApplicationFilterChain.internalDoFilter(ApplicationFilterChain.java:189)
		at org.apache.catalina.core.ApplicationFilterChain.doFilter(ApplicationFilterChain.java:162)
		at org.apache.catalina.core.StandardWrapperValve.invoke(StandardWrapperValve.java:197)
		at org.apache.catalina.core.StandardContextValve.invoke(StandardContextValve.java:97)
		at org.apache.catalina.authenticator.AuthenticatorBase.invoke(AuthenticatorBase.java:541)
		at org.apache.catalina.core.StandardHostValve.invoke(StandardHostValve.java:135)
		at org.apache.catalina.valves.ErrorReportValve.invoke(ErrorReportValve.java:92)
		at org.apache.catalina.valves.AbstractAccessLogValve.invoke(AbstractAccessLogValve.java:687)
		at org.apache.catalina.core.StandardEngineValve.invoke(StandardEngineValve.java:78)
		at org.apache.catalina.connector.CoyoteAdapter.service(CoyoteAdapter.java:360)
		at org.apache.coyote.http11.Http11Processor.service(Http11Processor.java:399)
		at org.apache.coyote.AbstractProcessorLight.process(AbstractProcessorLight.java:65)
		at org.apache.coyote.AbstractProtocol$ConnectionHandler.process(AbstractProtocol.java:889)
		at org.apache.tomcat.util.net.NioEndpoint$SocketProcessor.doRun(NioEndpoint.java:1743)
		at org.apache.tomcat.util.net.SocketProcessorBase.run(SocketProcessorBase.java:49)
		at org.apache.tomcat.util.threads.ThreadPoolExecutor.runWorker(ThreadPoolExecutor.java:1191)
		at org.apache.tomcat.util.threads.ThreadPoolExecutor$Worker.run(ThreadPoolExecutor.java:659)
		at org.apache.tomcat.util.threads.TaskThread$WrappingRunnable.run(TaskThread.java:61)
		at java.base/java.lang.Thread.run(Thread.java:833)
14-Sep-2022 19:35:01.822 SEVERE [http-nio-8080-exec-2] org.apache.catalina.core.StandardWrapperValve.invoke Servlet.service() for servlet [jsp] in context with path [] threw exception [An exception occurred processing [/create.jsp] at line [33]

30:       pageContext.setAttribute("modelnew",input,pageContext.SESSION_SCOPE);
31:       %>
32: 
33:       <sql:setDataSource var = "snapshot" driver = "com.mysql.jdbc.Driver"
34:       url = "jdbc:mysql://localhost/fakenews"
35:       user = "root"  password = "mahesh1998"/>
36:       


Stacktrace:] with root cause
	java.lang.ClassNotFoundException: com.mysql.jdbc.Driver
		at org.apache.catalina.loader.WebappClassLoaderBase.loadClass(WebappClassLoaderBase.java:1407)
		at org.apache.catalina.loader.WebappClassLoaderBase.loadClass(WebappClassLoaderBase.java:1215)
		at java.base/java.lang.Class.forName0(Native Method)
		at java.base/java.lang.Class.forName(Class.java:467)
		at org.apache.taglibs.standard.tag.common.sql.DataSourceWrapper.setDriverClassName(DataSourceWrapper.java:55)
		at org.apache.taglibs.standard.tag.common.sql.SetDataSourceTagSupport.doStartTag(SetDataSourceTagSupport.java:111)
		at org.apache.jsp.create_jsp._jspx_meth_sql_005fsetDataSource_005f0(create_jsp.java:270)
		at org.apache.jsp.create_jsp._jspService(create_jsp.java:184)
		at org.apache.jasper.runtime.HttpJspBase.service(HttpJspBase.java:70)
		at javax.servlet.http.HttpServlet.service(HttpServlet.java:764)
		at org.apache.jasper.servlet.JspServletWrapper.service(JspServletWrapper.java:466)
		at org.apache.jasper.servlet.JspServlet.serviceJspFile(JspServlet.java:379)
		at org.apache.jasper.servlet.JspServlet.service(JspServlet.java:327)
		at javax.servlet.http.HttpServlet.service(HttpServlet.java:764)
		at org.apache.catalina.core.ApplicationFilterChain.internalDoFilter(ApplicationFilterChain.java:227)
		at org.apache.catalina.core.ApplicationFilterChain.doFilter(ApplicationFilterChain.java:162)
		at org.apache.tomcat.websocket.server.WsFilter.doFilter(WsFilter.java:53)
		at org.apache.catalina.core.ApplicationFilterChain.internalDoFilter(ApplicationFilterChain.java:189)
		at org.apache.catalina.core.ApplicationFilterChain.doFilter(ApplicationFilterChain.java:162)
		at org.apache.catalina.core.StandardWrapperValve.invoke(StandardWrapperValve.java:197)
		at org.apache.catalina.core.StandardContextValve.invoke(StandardContextValve.java:97)
		at org.apache.catalina.authenticator.AuthenticatorBase.invoke(AuthenticatorBase.java:541)
		at org.apache.catalina.core.StandardHostValve.invoke(StandardHostValve.java:135)
		at org.apache.catalina.valves.ErrorReportValve.invoke(ErrorReportValve.java:92)
		at org.apache.catalina.valves.AbstractAccessLogValve.invoke(AbstractAccessLogValve.java:687)
		at org.apache.catalina.core.StandardEngineValve.invoke(StandardEngineValve.java:78)
		at org.apache.catalina.connector.CoyoteAdapter.service(CoyoteAdapter.java:360)
		at org.apache.coyote.http11.Http11Processor.service(Http11Processor.java:399)
		at org.apache.coyote.AbstractProcessorLight.process(AbstractProcessorLight.java:65)
		at org.apache.coyote.AbstractProtocol$ConnectionHandler.process(AbstractProtocol.java:889)
		at org.apache.tomcat.util.net.NioEndpoint$SocketProcessor.doRun(NioEndpoint.java:1743)
		at org.apache.tomcat.util.net.SocketProcessorBase.run(SocketProcessorBase.java:49)
		at org.apache.tomcat.util.threads.ThreadPoolExecutor.runWorker(ThreadPoolExecutor.java:1191)
		at org.apache.tomcat.util.threads.ThreadPoolExecutor$Worker.run(ThreadPoolExecutor.java:659)
		at org.apache.tomcat.util.threads.TaskThread$WrappingRunnable.run(TaskThread.java:61)
		at java.base/java.lang.Thread.run(Thread.java:833)
14-Sep-2022 19:35:13.537 SEVERE [http-nio-8080-exec-3] org.apache.catalina.core.StandardWrapperValve.invoke Servlet.service() for servlet [jsp] in context with path [] threw exception [An exception occurred processing [/create.jsp] at line [33]

30:       pageContext.setAttribute("modelnew",input,pageContext.SESSION_SCOPE);
31:       %>
32: 
33:       <sql:setDataSource var = "snapshot" driver = "com.mysql.jdbc.Driver"
34:       url = "jdbc:mysql://localhost/fakenews"
35:       user = "root"  password = "mahesh1998"/>
36:       


Stacktrace:] with root cause
	java.lang.ClassNotFoundException: com.mysql.jdbc.Driver
		at org.apache.catalina.loader.WebappClassLoaderBase.loadClass(WebappClassLoaderBase.java:1407)
		at org.apache.catalina.loader.WebappClassLoaderBase.loadClass(WebappClassLoaderBase.java:1215)
		at java.base/java.lang.Class.forName0(Native Method)
		at java.base/java.lang.Class.forName(Class.java:467)
		at org.apache.taglibs.standard.tag.common.sql.DataSourceWrapper.setDriverClassName(DataSourceWrapper.java:55)
		at org.apache.taglibs.standard.tag.common.sql.SetDataSourceTagSupport.doStartTag(SetDataSourceTagSupport.java:111)
		at org.apache.jsp.create_jsp._jspx_meth_sql_005fsetDataSource_005f0(create_jsp.java:270)
		at org.apache.jsp.create_jsp._jspService(create_jsp.java:184)
		at org.apache.jasper.runtime.HttpJspBase.service(HttpJspBase.java:70)
		at javax.servlet.http.HttpServlet.service(HttpServlet.java:764)
		at org.apache.jasper.servlet.JspServletWrapper.service(JspServletWrapper.java:466)
		at org.apache.jasper.servlet.JspServlet.serviceJspFile(JspServlet.java:379)
		at org.apache.jasper.servlet.JspServlet.service(JspServlet.java:327)
		at javax.servlet.http.HttpServlet.service(HttpServlet.java:764)
		at org.apache.catalina.core.ApplicationFilterChain.internalDoFilter(ApplicationFilterChain.java:227)
		at org.apache.catalina.core.ApplicationFilterChain.doFilter(ApplicationFilterChain.java:162)
		at org.apache.tomcat.websocket.server.WsFilter.doFilter(WsFilter.java:53)
		at org.apache.catalina.core.ApplicationFilterChain.internalDoFilter(ApplicationFilterChain.java:189)
		at org.apache.catalina.core.ApplicationFilterChain.doFilter(ApplicationFilterChain.java:162)
		at org.apache.catalina.core.StandardWrapperValve.invoke(StandardWrapperValve.java:197)
		at org.apache.catalina.core.StandardContextValve.invoke(StandardContextValve.java:97)
		at org.apache.catalina.authenticator.AuthenticatorBase.invoke(AuthenticatorBase.java:541)
		at org.apache.catalina.core.StandardHostValve.invoke(StandardHostValve.java:135)
		at org.apache.catalina.valves.ErrorReportValve.invoke(ErrorReportValve.java:92)
		at org.apache.catalina.valves.AbstractAccessLogValve.invoke(AbstractAccessLogValve.java:687)
		at org.apache.catalina.core.StandardEngineValve.invoke(StandardEngineValve.java:78)
		at org.apache.catalina.connector.CoyoteAdapter.service(CoyoteAdapter.java:360)
		at org.apache.coyote.http11.Http11Processor.service(Http11Processor.java:399)
		at org.apache.coyote.AbstractProcessorLight.process(AbstractProcessorLight.java:65)
		at org.apache.coyote.AbstractProtocol$ConnectionHandler.process(AbstractProtocol.java:889)
		at org.apache.tomcat.util.net.NioEndpoint$SocketProcessor.doRun(NioEndpoint.java:1743)
		at org.apache.tomcat.util.net.SocketProcessorBase.run(SocketProcessorBase.java:49)
		at org.apache.tomcat.util.threads.ThreadPoolExecutor.runWorker(ThreadPoolExecutor.java:1191)
		at org.apache.tomcat.util.threads.ThreadPoolExecutor$Worker.run(ThreadPoolExecutor.java:659)
		at org.apache.tomcat.util.threads.TaskThread$WrappingRunnable.run(TaskThread.java:61)
		at java.base/java.lang.Thread.run(Thread.java:833)
14-Sep-2022 19:35:43.300 SEVERE [http-nio-8080-exec-4] org.apache.catalina.core.StandardWrapperValve.invoke Servlet.service() for servlet [jsp] in context with path [] threw exception [An exception occurred processing [/create.jsp] at line [33]

30:       pageContext.setAttribute("modelnew",input,pageContext.SESSION_SCOPE);
31:       %>
32: 
33:       <sql:setDataSource var = "snapshot" driver = "com.mysql.jdbc.Driver"
34:       url = "jdbc:mysql://localhost/fakenews"
35:       user = "root"  password = "root"/>
36:       


Stacktrace:] with root cause
	java.lang.ClassNotFoundException: com.mysql.jdbc.Driver
		at org.apache.catalina.loader.WebappClassLoaderBase.loadClass(WebappClassLoaderBase.java:1407)
		at org.apache.catalina.loader.WebappClassLoaderBase.loadClass(WebappClassLoaderBase.java:1215)
		at java.base/java.lang.Class.forName0(Native Method)
		at java.base/java.lang.Class.forName(Class.java:467)
		at org.apache.taglibs.standard.tag.common.sql.DataSourceWrapper.setDriverClassName(DataSourceWrapper.java:55)
		at org.apache.taglibs.standard.tag.common.sql.SetDataSourceTagSupport.doStartTag(SetDataSourceTagSupport.java:111)
		at org.apache.jsp.create_jsp._jspx_meth_sql_005fsetDataSource_005f0(create_jsp.java:270)
		at org.apache.jsp.create_jsp._jspService(create_jsp.java:184)
		at org.apache.jasper.runtime.HttpJspBase.service(HttpJspBase.java:70)
		at javax.servlet.http.HttpServlet.service(HttpServlet.java:764)
		at org.apache.jasper.servlet.JspServletWrapper.service(JspServletWrapper.java:466)
		at org.apache.jasper.servlet.JspServlet.serviceJspFile(JspServlet.java:379)
		at org.apache.jasper.servlet.JspServlet.service(JspServlet.java:327)
		at javax.servlet.http.HttpServlet.service(HttpServlet.java:764)
		at org.apache.catalina.core.ApplicationFilterChain.internalDoFilter(ApplicationFilterChain.java:227)
		at org.apache.catalina.core.ApplicationFilterChain.doFilter(ApplicationFilterChain.java:162)
		at org.apache.tomcat.websocket.server.WsFilter.doFilter(WsFilter.java:53)
		at org.apache.catalina.core.ApplicationFilterChain.internalDoFilter(ApplicationFilterChain.java:189)
		at org.apache.catalina.core.ApplicationFilterChain.doFilter(ApplicationFilterChain.java:162)
		at org.apache.catalina.core.StandardWrapperValve.invoke(StandardWrapperValve.java:197)
		at org.apache.catalina.core.StandardContextValve.invoke(StandardContextValve.java:97)
		at org.apache.catalina.authenticator.AuthenticatorBase.invoke(AuthenticatorBase.java:541)
		at org.apache.catalina.core.StandardHostValve.invoke(StandardHostValve.java:135)
		at org.apache.catalina.valves.ErrorReportValve.invoke(ErrorReportValve.java:92)
		at org.apache.catalina.valves.AbstractAccessLogValve.invoke(AbstractAccessLogValve.java:687)
		at org.apache.catalina.core.StandardEngineValve.invoke(StandardEngineValve.java:78)
		at org.apache.catalina.connector.CoyoteAdapter.service(CoyoteAdapter.java:360)
		at org.apache.coyote.http11.Http11Processor.service(Http11Processor.java:399)
		at org.apache.coyote.AbstractProcessorLight.process(AbstractProcessorLight.java:65)
		at org.apache.coyote.AbstractProtocol$ConnectionHandler.process(AbstractProtocol.java:889)
		at org.apache.tomcat.util.net.NioEndpoint$SocketProcessor.doRun(NioEndpoint.java:1743)
		at org.apache.tomcat.util.net.SocketProcessorBase.run(SocketProcessorBase.java:49)
		at org.apache.tomcat.util.threads.ThreadPoolExecutor.runWorker(ThreadPoolExecutor.java:1191)
		at org.apache.tomcat.util.threads.ThreadPoolExecutor$Worker.run(ThreadPoolExecutor.java:659)
		at org.apache.tomcat.util.threads.TaskThread$WrappingRunnable.run(TaskThread.java:61)
		at java.base/java.lang.Thread.run(Thread.java:833)
14-Sep-2022 19:35:57.856 SEVERE [http-nio-8080-exec-6] org.apache.catalina.core.StandardWrapperValve.invoke Servlet.service() for servlet [jsp] in context with path [] threw exception [An exception occurred processing [/create.jsp] at line [33]

30:       pageContext.setAttribute("modelnew",input,pageContext.SESSION_SCOPE);
31:       %>
32: 
33:       <sql:setDataSource var = "snapshot" driver = "com.mysql.jdbc.Driver"
34:       url = "jdbc:mysql://localhost/fakenews"
35:       user = "root"  password = "root"/>
36:       


Stacktrace:] with root cause
	java.lang.ClassNotFoundException: com.mysql.jdbc.Driver
		at org.apache.catalina.loader.WebappClassLoaderBase.loadClass(WebappClassLoaderBase.java:1407)
		at org.apache.catalina.loader.WebappClassLoaderBase.loadClass(WebappClassLoaderBase.java:1215)
		at java.base/java.lang.Class.forName0(Native Method)
		at java.base/java.lang.Class.forName(Class.java:467)
		at org.apache.taglibs.standard.tag.common.sql.DataSourceWrapper.setDriverClassName(DataSourceWrapper.java:55)
		at org.apache.taglibs.standard.tag.common.sql.SetDataSourceTagSupport.doStartTag(SetDataSourceTagSupport.java:111)
		at org.apache.jsp.create_jsp._jspx_meth_sql_005fsetDataSource_005f0(create_jsp.java:270)
		at org.apache.jsp.create_jsp._jspService(create_jsp.java:184)
		at org.apache.jasper.runtime.HttpJspBase.service(HttpJspBase.java:70)
		at javax.servlet.http.HttpServlet.service(HttpServlet.java:764)
		at org.apache.jasper.servlet.JspServletWrapper.service(JspServletWrapper.java:466)
		at org.apache.jasper.servlet.JspServlet.serviceJspFile(JspServlet.java:379)
		at org.apache.jasper.servlet.JspServlet.service(JspServlet.java:327)
		at javax.servlet.http.HttpServlet.service(HttpServlet.java:764)
		at org.apache.catalina.core.ApplicationFilterChain.internalDoFilter(ApplicationFilterChain.java:227)
		at org.apache.catalina.core.ApplicationFilterChain.doFilter(ApplicationFilterChain.java:162)
		at org.apache.tomcat.websocket.server.WsFilter.doFilter(WsFilter.java:53)
		at org.apache.catalina.core.ApplicationFilterChain.internalDoFilter(ApplicationFilterChain.java:189)
		at org.apache.catalina.core.ApplicationFilterChain.doFilter(ApplicationFilterChain.java:162)
		at org.apache.catalina.core.StandardWrapperValve.invoke(StandardWrapperValve.java:197)
		at org.apache.catalina.core.StandardContextValve.invoke(StandardContextValve.java:97)
		at org.apache.catalina.authenticator.AuthenticatorBase.invoke(AuthenticatorBase.java:541)
		at org.apache.catalina.core.StandardHostValve.invoke(StandardHostValve.java:135)
		at org.apache.catalina.valves.ErrorReportValve.invoke(ErrorReportValve.java:92)
		at org.apache.catalina.valves.AbstractAccessLogValve.invoke(AbstractAccessLogValve.java:687)
		at org.apache.catalina.core.StandardEngineValve.invoke(StandardEngineValve.java:78)
		at org.apache.catalina.connector.CoyoteAdapter.service(CoyoteAdapter.java:360)
		at org.apache.coyote.http11.Http11Processor.service(Http11Processor.java:399)
		at org.apache.coyote.AbstractProcessorLight.process(AbstractProcessorLight.java:65)
		at org.apache.coyote.AbstractProtocol$ConnectionHandler.process(AbstractProtocol.java:889)
		at org.apache.tomcat.util.net.NioEndpoint$SocketProcessor.doRun(NioEndpoint.java:1743)
		at org.apache.tomcat.util.net.SocketProcessorBase.run(SocketProcessorBase.java:49)
		at org.apache.tomcat.util.threads.ThreadPoolExecutor.runWorker(ThreadPoolExecutor.java:1191)
		at org.apache.tomcat.util.threads.ThreadPoolExecutor$Worker.run(ThreadPoolExecutor.java:659)
		at org.apache.tomcat.util.threads.TaskThread$WrappingRunnable.run(TaskThread.java:61)
		at java.base/java.lang.Thread.run(Thread.java:833)
14-Sep-2022 19:40:27.156 SEVERE [http-nio-8080-exec-7] org.apache.catalina.core.StandardWrapperValve.invoke Servlet.service() for servlet [jsp] in context with path [] threw exception [An exception occurred processing [/create.jsp] at line [33]

30:       pageContext.setAttribute("modelnew",input,pageContext.SESSION_SCOPE);
31:       %>
32: 
33:       <sql:setDataSource var = "snapshot" driver = "com.mysql.jdbc.Driver"
34:       url = "jdbc:mysql://localhost/fakenews"
35:       user = "root"  password = "root"/>
36:       


Stacktrace:] with root cause
	java.lang.ClassNotFoundException: com.mysql.jdbc.Driver
		at org.apache.catalina.loader.WebappClassLoaderBase.loadClass(WebappClassLoaderBase.java:1407)
		at org.apache.catalina.loader.WebappClassLoaderBase.loadClass(WebappClassLoaderBase.java:1215)
		at java.base/java.lang.Class.forName0(Native Method)
		at java.base/java.lang.Class.forName(Class.java:467)
		at org.apache.taglibs.standard.tag.common.sql.DataSourceWrapper.setDriverClassName(DataSourceWrapper.java:55)
		at org.apache.taglibs.standard.tag.common.sql.SetDataSourceTagSupport.doStartTag(SetDataSourceTagSupport.java:111)
		at org.apache.jsp.create_jsp._jspx_meth_sql_005fsetDataSource_005f0(create_jsp.java:270)
		at org.apache.jsp.create_jsp._jspService(create_jsp.java:184)
		at org.apache.jasper.runtime.HttpJspBase.service(HttpJspBase.java:70)
		at javax.servlet.http.HttpServlet.service(HttpServlet.java:764)
		at org.apache.jasper.servlet.JspServletWrapper.service(JspServletWrapper.java:466)
		at org.apache.jasper.servlet.JspServlet.serviceJspFile(JspServlet.java:379)
		at org.apache.jasper.servlet.JspServlet.service(JspServlet.java:327)
		at javax.servlet.http.HttpServlet.service(HttpServlet.java:764)
		at org.apache.catalina.core.ApplicationFilterChain.internalDoFilter(ApplicationFilterChain.java:227)
		at org.apache.catalina.core.ApplicationFilterChain.doFilter(ApplicationFilterChain.java:162)
		at org.apache.tomcat.websocket.server.WsFilter.doFilter(WsFilter.java:53)
		at org.apache.catalina.core.ApplicationFilterChain.internalDoFilter(ApplicationFilterChain.java:189)
		at org.apache.catalina.core.ApplicationFilterChain.doFilter(ApplicationFilterChain.java:162)
		at org.apache.catalina.core.StandardWrapperValve.invoke(StandardWrapperValve.java:197)
		at org.apache.catalina.core.StandardContextValve.invoke(StandardContextValve.java:97)
		at org.apache.catalina.authenticator.AuthenticatorBase.invoke(AuthenticatorBase.java:541)
		at org.apache.catalina.core.StandardHostValve.invoke(StandardHostValve.java:135)
		at org.apache.catalina.valves.ErrorReportValve.invoke(ErrorReportValve.java:92)
		at org.apache.catalina.valves.AbstractAccessLogValve.invoke(AbstractAccessLogValve.java:687)
		at org.apache.catalina.core.StandardEngineValve.invoke(StandardEngineValve.java:78)
		at org.apache.catalina.connector.CoyoteAdapter.service(CoyoteAdapter.java:360)
		at org.apache.coyote.http11.Http11Processor.service(Http11Processor.java:399)
		at org.apache.coyote.AbstractProcessorLight.process(AbstractProcessorLight.java:65)
		at org.apache.coyote.AbstractProtocol$ConnectionHandler.process(AbstractProtocol.java:889)
		at org.apache.tomcat.util.net.NioEndpoint$SocketProcessor.doRun(NioEndpoint.java:1743)
		at org.apache.tomcat.util.net.SocketProcessorBase.run(SocketProcessorBase.java:49)
		at org.apache.tomcat.util.threads.ThreadPoolExecutor.runWorker(ThreadPoolExecutor.java:1191)
		at org.apache.tomcat.util.threads.ThreadPoolExecutor$Worker.run(ThreadPoolExecutor.java:659)
		at org.apache.tomcat.util.threads.TaskThread$WrappingRunnable.run(TaskThread.java:61)
		at java.base/java.lang.Thread.run(Thread.java:833)
14-Sep-2022 19:40:28.277 SEVERE [http-nio-8080-exec-8] org.apache.catalina.core.StandardWrapperValve.invoke Servlet.service() for servlet [jsp] in context with path [] threw exception [An exception occurred processing [/create.jsp] at line [33]

30:       pageContext.setAttribute("modelnew",input,pageContext.SESSION_SCOPE);
31:       %>
32: 
33:       <sql:setDataSource var = "snapshot" driver = "com.mysql.jdbc.Driver"
34:       url = "jdbc:mysql://localhost/fakenews"
35:       user = "root"  password = "root"/>
36:       


Stacktrace:] with root cause
	java.lang.ClassNotFoundException: com.mysql.jdbc.Driver
		at org.apache.catalina.loader.WebappClassLoaderBase.loadClass(WebappClassLoaderBase.java:1407)
		at org.apache.catalina.loader.WebappClassLoaderBase.loadClass(WebappClassLoaderBase.java:1215)
		at java.base/java.lang.Class.forName0(Native Method)
		at java.base/java.lang.Class.forName(Class.java:467)
		at org.apache.taglibs.standard.tag.common.sql.DataSourceWrapper.setDriverClassName(DataSourceWrapper.java:55)
		at org.apache.taglibs.standard.tag.common.sql.SetDataSourceTagSupport.doStartTag(SetDataSourceTagSupport.java:111)
		at org.apache.jsp.create_jsp._jspx_meth_sql_005fsetDataSource_005f0(create_jsp.java:270)
		at org.apache.jsp.create_jsp._jspService(create_jsp.java:184)
		at org.apache.jasper.runtime.HttpJspBase.service(HttpJspBase.java:70)
		at javax.servlet.http.HttpServlet.service(HttpServlet.java:764)
		at org.apache.jasper.servlet.JspServletWrapper.service(JspServletWrapper.java:466)
		at org.apache.jasper.servlet.JspServlet.serviceJspFile(JspServlet.java:379)
		at org.apache.jasper.servlet.JspServlet.service(JspServlet.java:327)
		at javax.servlet.http.HttpServlet.service(HttpServlet.java:764)
		at org.apache.catalina.core.ApplicationFilterChain.internalDoFilter(ApplicationFilterChain.java:227)
		at org.apache.catalina.core.ApplicationFilterChain.doFilter(ApplicationFilterChain.java:162)
		at org.apache.tomcat.websocket.server.WsFilter.doFilter(WsFilter.java:53)
		at org.apache.catalina.core.ApplicationFilterChain.internalDoFilter(ApplicationFilterChain.java:189)
		at org.apache.catalina.core.ApplicationFilterChain.doFilter(ApplicationFilterChain.java:162)
		at org.apache.catalina.core.StandardWrapperValve.invoke(StandardWrapperValve.java:197)
		at org.apache.catalina.core.StandardContextValve.invoke(StandardContextValve.java:97)
		at org.apache.catalina.authenticator.AuthenticatorBase.invoke(AuthenticatorBase.java:541)
		at org.apache.catalina.core.StandardHostValve.invoke(StandardHostValve.java:135)
		at org.apache.catalina.valves.ErrorReportValve.invoke(ErrorReportValve.java:92)
		at org.apache.catalina.valves.AbstractAccessLogValve.invoke(AbstractAccessLogValve.java:687)
		at org.apache.catalina.core.StandardEngineValve.invoke(StandardEngineValve.java:78)
		at org.apache.catalina.connector.CoyoteAdapter.service(CoyoteAdapter.java:360)
		at org.apache.coyote.http11.Http11Processor.service(Http11Processor.java:399)
		at org.apache.coyote.AbstractProcessorLight.process(AbstractProcessorLight.java:65)
		at org.apache.coyote.AbstractProtocol$ConnectionHandler.process(AbstractProtocol.java:889)
		at org.apache.tomcat.util.net.NioEndpoint$SocketProcessor.doRun(NioEndpoint.java:1743)
		at org.apache.tomcat.util.net.SocketProcessorBase.run(SocketProcessorBase.java:49)
		at org.apache.tomcat.util.threads.ThreadPoolExecutor.runWorker(ThreadPoolExecutor.java:1191)
		at org.apache.tomcat.util.threads.ThreadPoolExecutor$Worker.run(ThreadPoolExecutor.java:659)
		at org.apache.tomcat.util.threads.TaskThread$WrappingRunnable.run(TaskThread.java:61)
		at java.base/java.lang.Thread.run(Thread.java:833)
14-Sep-2022 19:40:28.507 SEVERE [http-nio-8080-exec-9] org.apache.catalina.core.StandardWrapperValve.invoke Servlet.service() for servlet [jsp] in context with path [] threw exception [An exception occurred processing [/create.jsp] at line [33]

30:       pageContext.setAttribute("modelnew",input,pageContext.SESSION_SCOPE);
31:       %>
32: 
33:       <sql:setDataSource var = "snapshot" driver = "com.mysql.jdbc.Driver"
34:       url = "jdbc:mysql://localhost/fakenews"
35:       user = "root"  password = "root"/>
36:       


Stacktrace:] with root cause
	java.lang.ClassNotFoundException: com.mysql.jdbc.Driver
		at org.apache.catalina.loader.WebappClassLoaderBase.loadClass(WebappClassLoaderBase.java:1407)
		at org.apache.catalina.loader.WebappClassLoaderBase.loadClass(WebappClassLoaderBase.java:1215)
		at java.base/java.lang.Class.forName0(Native Method)
		at java.base/java.lang.Class.forName(Class.java:467)
		at org.apache.taglibs.standard.tag.common.sql.DataSourceWrapper.setDriverClassName(DataSourceWrapper.java:55)
		at org.apache.taglibs.standard.tag.common.sql.SetDataSourceTagSupport.doStartTag(SetDataSourceTagSupport.java:111)
		at org.apache.jsp.create_jsp._jspx_meth_sql_005fsetDataSource_005f0(create_jsp.java:270)
		at org.apache.jsp.create_jsp._jspService(create_jsp.java:184)
		at org.apache.jasper.runtime.HttpJspBase.service(HttpJspBase.java:70)
		at javax.servlet.http.HttpServlet.service(HttpServlet.java:764)
		at org.apache.jasper.servlet.JspServletWrapper.service(JspServletWrapper.java:466)
		at org.apache.jasper.servlet.JspServlet.serviceJspFile(JspServlet.java:379)
		at org.apache.jasper.servlet.JspServlet.service(JspServlet.java:327)
		at javax.servlet.http.HttpServlet.service(HttpServlet.java:764)
		at org.apache.catalina.core.ApplicationFilterChain.internalDoFilter(ApplicationFilterChain.java:227)
		at org.apache.catalina.core.ApplicationFilterChain.doFilter(ApplicationFilterChain.java:162)
		at org.apache.tomcat.websocket.server.WsFilter.doFilter(WsFilter.java:53)
		at org.apache.catalina.core.ApplicationFilterChain.internalDoFilter(ApplicationFilterChain.java:189)
		at org.apache.catalina.core.ApplicationFilterChain.doFilter(ApplicationFilterChain.java:162)
		at org.apache.catalina.core.StandardWrapperValve.invoke(StandardWrapperValve.java:197)
		at org.apache.catalina.core.StandardContextValve.invoke(StandardContextValve.java:97)
		at org.apache.catalina.authenticator.AuthenticatorBase.invoke(AuthenticatorBase.java:541)
		at org.apache.catalina.core.StandardHostValve.invoke(StandardHostValve.java:135)
		at org.apache.catalina.valves.ErrorReportValve.invoke(ErrorReportValve.java:92)
		at org.apache.catalina.valves.AbstractAccessLogValve.invoke(AbstractAccessLogValve.java:687)
		at org.apache.catalina.core.StandardEngineValve.invoke(StandardEngineValve.java:78)
		at org.apache.catalina.connector.CoyoteAdapter.service(CoyoteAdapter.java:360)
		at org.apache.coyote.http11.Http11Processor.service(Http11Processor.java:399)
		at org.apache.coyote.AbstractProcessorLight.process(AbstractProcessorLight.java:65)
		at org.apache.coyote.AbstractProtocol$ConnectionHandler.process(AbstractProtocol.java:889)
		at org.apache.tomcat.util.net.NioEndpoint$SocketProcessor.doRun(NioEndpoint.java:1743)
		at org.apache.tomcat.util.net.SocketProcessorBase.run(SocketProcessorBase.java:49)
		at org.apache.tomcat.util.threads.ThreadPoolExecutor.runWorker(ThreadPoolExecutor.java:1191)
		at org.apache.tomcat.util.threads.ThreadPoolExecutor$Worker.run(ThreadPoolExecutor.java:659)
		at org.apache.tomcat.util.threads.TaskThread$WrappingRunnable.run(TaskThread.java:61)
		at java.base/java.lang.Thread.run(Thread.java:833)
14-Sep-2022 19:40:28.726 SEVERE [http-nio-8080-exec-10] org.apache.catalina.core.StandardWrapperValve.invoke Servlet.service() for servlet [jsp] in context with path [] threw exception [An exception occurred processing [/create.jsp] at line [33]

30:       pageContext.setAttribute("modelnew",input,pageContext.SESSION_SCOPE);
31:       %>
32: 
33:       <sql:setDataSource var = "snapshot" driver = "com.mysql.jdbc.Driver"
34:       url = "jdbc:mysql://localhost/fakenews"
35:       user = "root"  password = "root"/>
36:       


Stacktrace:] with root cause
	java.lang.ClassNotFoundException: com.mysql.jdbc.Driver
		at org.apache.catalina.loader.WebappClassLoaderBase.loadClass(WebappClassLoaderBase.java:1407)
		at org.apache.catalina.loader.WebappClassLoaderBase.loadClass(WebappClassLoaderBase.java:1215)
		at java.base/java.lang.Class.forName0(Native Method)
		at java.base/java.lang.Class.forName(Class.java:467)
		at org.apache.taglibs.standard.tag.common.sql.DataSourceWrapper.setDriverClassName(DataSourceWrapper.java:55)
		at org.apache.taglibs.standard.tag.common.sql.SetDataSourceTagSupport.doStartTag(SetDataSourceTagSupport.java:111)
		at org.apache.jsp.create_jsp._jspx_meth_sql_005fsetDataSource_005f0(create_jsp.java:270)
		at org.apache.jsp.create_jsp._jspService(create_jsp.java:184)
		at org.apache.jasper.runtime.HttpJspBase.service(HttpJspBase.java:70)
		at javax.servlet.http.HttpServlet.service(HttpServlet.java:764)
		at org.apache.jasper.servlet.JspServletWrapper.service(JspServletWrapper.java:466)
		at org.apache.jasper.servlet.JspServlet.serviceJspFile(JspServlet.java:379)
		at org.apache.jasper.servlet.JspServlet.service(JspServlet.java:327)
		at javax.servlet.http.HttpServlet.service(HttpServlet.java:764)
		at org.apache.catalina.core.ApplicationFilterChain.internalDoFilter(ApplicationFilterChain.java:227)
		at org.apache.catalina.core.ApplicationFilterChain.doFilter(ApplicationFilterChain.java:162)
		at org.apache.tomcat.websocket.server.WsFilter.doFilter(WsFilter.java:53)
		at org.apache.catalina.core.ApplicationFilterChain.internalDoFilter(ApplicationFilterChain.java:189)
		at org.apache.catalina.core.ApplicationFilterChain.doFilter(ApplicationFilterChain.java:162)
		at org.apache.catalina.core.StandardWrapperValve.invoke(StandardWrapperValve.java:197)
		at org.apache.catalina.core.StandardContextValve.invoke(StandardContextValve.java:97)
		at org.apache.catalina.authenticator.AuthenticatorBase.invoke(AuthenticatorBase.java:541)
		at org.apache.catalina.core.StandardHostValve.invoke(StandardHostValve.java:135)
		at org.apache.catalina.valves.ErrorReportValve.invoke(ErrorReportValve.java:92)
		at org.apache.catalina.valves.AbstractAccessLogValve.invoke(AbstractAccessLogValve.java:687)
		at org.apache.catalina.core.StandardEngineValve.invoke(StandardEngineValve.java:78)
		at org.apache.catalina.connector.CoyoteAdapter.service(CoyoteAdapter.java:360)
		at org.apache.coyote.http11.Http11Processor.service(Http11Processor.java:399)
		at org.apache.coyote.AbstractProcessorLight.process(AbstractProcessorLight.java:65)
		at org.apache.coyote.AbstractProtocol$ConnectionHandler.process(AbstractProtocol.java:889)
		at org.apache.tomcat.util.net.NioEndpoint$SocketProcessor.doRun(NioEndpoint.java:1743)
		at org.apache.tomcat.util.net.SocketProcessorBase.run(SocketProcessorBase.java:49)
		at org.apache.tomcat.util.threads.ThreadPoolExecutor.runWorker(ThreadPoolExecutor.java:1191)
		at org.apache.tomcat.util.threads.ThreadPoolExecutor$Worker.run(ThreadPoolExecutor.java:659)
		at org.apache.tomcat.util.threads.TaskThread$WrappingRunnable.run(TaskThread.java:61)
		at java.base/java.lang.Thread.run(Thread.java:833)
14-Sep-2022 19:40:57.449 SEVERE [http-nio-8080-exec-2] org.apache.catalina.core.StandardWrapperValve.invoke Servlet.service() for servlet [jsp] in context with path [] threw exception [Unable to compile class for JSP: 

An error occurred at line: [36] in the jsp file: [/process.jsp]
Syntax error on token(s), misplaced construct(s)
33:         String prediction = request.getParameter("decision");
34:         String input = request.getParameter("input");
35:         
36:         <sql:setDataSource var = "snapshot" driver = "com.mysql.jdbc.Driver"
37:         url = "jdbc:mysql://localhost/fakenews"
38:         user = "root"  password = "mahesh1998"/>
39:         


An error occurred at line: [36] in the jsp file: [/process.jsp]
Syntax error, insert ":: IdentifierOrNew" to complete ReferenceExpression
33:         String prediction = request.getParameter("decision");
34:         String input = request.getParameter("input");
35:         
36:         <sql:setDataSource var = "snapshot" driver = "com.mysql.jdbc.Driver"
37:         url = "jdbc:mysql://localhost/fakenews"
38:         user = "root"  password = "mahesh1998"/>
39:         


An error occurred at line: [36] in the jsp file: [/process.jsp]
Syntax error, insert "AssignmentOperator Expression" to complete Assignment
33:         String prediction = request.getParameter("decision");
34:         String input = request.getParameter("input");
35:         
36:         <sql:setDataSource var = "snapshot" driver = "com.mysql.jdbc.Driver"
37:         url = "jdbc:mysql://localhost/fakenews"
38:         user = "root"  password = "mahesh1998"/>
39:         


An error occurred at line: [36] in the jsp file: [/process.jsp]
Syntax error, insert ";" to complete Statement
33:         String prediction = request.getParameter("decision");
34:         String input = request.getParameter("input");
35:         
36:         <sql:setDataSource var = "snapshot" driver = "com.mysql.jdbc.Driver"
37:         url = "jdbc:mysql://localhost/fakenews"
38:         user = "root"  password = "mahesh1998"/>
39:         


An error occurred at line: [36] in the jsp file: [/process.jsp]
setDataSource cannot be resolved to a variable
33:         String prediction = request.getParameter("decision");
34:         String input = request.getParameter("input");
35:         
36:         <sql:setDataSource var = "snapshot" driver = "com.mysql.jdbc.Driver"
37:         url = "jdbc:mysql://localhost/fakenews"
38:         user = "root"  password = "mahesh1998"/>
39:         


An error occurred at line: [36] in the jsp file: [/process.jsp]
var cannot be resolved to a variable
33:         String prediction = request.getParameter("decision");
34:         String input = request.getParameter("input");
35:         
36:         <sql:setDataSource var = "snapshot" driver = "com.mysql.jdbc.Driver"
37:         url = "jdbc:mysql://localhost/fakenews"
38:         user = "root"  password = "mahesh1998"/>
39:         


An error occurred at line: [36] in the jsp file: [/process.jsp]
Syntax error, insert ";" to complete Statement
33:         String prediction = request.getParameter("decision");
34:         String input = request.getParameter("input");
35:         
36:         <sql:setDataSource var = "snapshot" driver = "com.mysql.jdbc.Driver"
37:         url = "jdbc:mysql://localhost/fakenews"
38:         user = "root"  password = "mahesh1998"/>
39:         


An error occurred at line: [36] in the jsp file: [/process.jsp]
driver cannot be resolved to a variable
33:         String prediction = request.getParameter("decision");
34:         String input = request.getParameter("input");
35:         
36:         <sql:setDataSource var = "snapshot" driver = "com.mysql.jdbc.Driver"
37:         url = "jdbc:mysql://localhost/fakenews"
38:         user = "root"  password = "mahesh1998"/>
39:         


An error occurred at line: [36] in the jsp file: [/process.jsp]
Syntax error, insert ";" to complete Statement
33:         String prediction = request.getParameter("decision");
34:         String input = request.getParameter("input");
35:         
36:         <sql:setDataSource var = "snapshot" driver = "com.mysql.jdbc.Driver"
37:         url = "jdbc:mysql://localhost/fakenews"
38:         user = "root"  password = "mahesh1998"/>
39:         


An error occurred at line: [37] in the jsp file: [/process.jsp]
url cannot be resolved to a variable
34:         String input = request.getParameter("input");
35:         
36:         <sql:setDataSource var = "snapshot" driver = "com.mysql.jdbc.Driver"
37:         url = "jdbc:mysql://localhost/fakenews"
38:         user = "root"  password = "mahesh1998"/>
39:         
40: 


An error occurred at line: [37] in the jsp file: [/process.jsp]
Syntax error, insert ";" to complete Statement
34:         String input = request.getParameter("input");
35:         
36:         <sql:setDataSource var = "snapshot" driver = "com.mysql.jdbc.Driver"
37:         url = "jdbc:mysql://localhost/fakenews"
38:         user = "root"  password = "mahesh1998"/>
39:         
40: 


An error occurred at line: [38] in the jsp file: [/process.jsp]
user cannot be resolved to a variable
35:         
36:         <sql:setDataSource var = "snapshot" driver = "com.mysql.jdbc.Driver"
37:         url = "jdbc:mysql://localhost/fakenews"
38:         user = "root"  password = "mahesh1998"/>
39:         
40: 
41:     //  }


An error occurred at line: [38] in the jsp file: [/process.jsp]
Syntax error, insert ";" to complete Statement
35:         
36:         <sql:setDataSource var = "snapshot" driver = "com.mysql.jdbc.Driver"
37:         url = "jdbc:mysql://localhost/fakenews"
38:         user = "root"  password = "mahesh1998"/>
39:         
40: 
41:     //  }


An error occurred at line: [38] in the jsp file: [/process.jsp]
password cannot be resolved to a variable
35:         
36:         <sql:setDataSource var = "snapshot" driver = "com.mysql.jdbc.Driver"
37:         url = "jdbc:mysql://localhost/fakenews"
38:         user = "root"  password = "mahesh1998"/>
39:         
40: 
41:     //  }


An error occurred at line: [38] in the jsp file: [/process.jsp]
The operator / is undefined for the argument type(s) String, boolean
35:         
36:         <sql:setDataSource var = "snapshot" driver = "com.mysql.jdbc.Driver"
37:         url = "jdbc:mysql://localhost/fakenews"
38:         user = "root"  password = "mahesh1998"/>
39:         
40: 
41:     //  }


An error occurred at line: [38] in the jsp file: [/process.jsp]
Syntax error on tokens, delete these tokens
35:         
36:         <sql:setDataSource var = "snapshot" driver = "com.mysql.jdbc.Driver"
37:         url = "jdbc:mysql://localhost/fakenews"
38:         user = "root"  password = "mahesh1998"/>
39:         
40: 
41:     //  }


An error occurred at line: [48] in the jsp file: [/process.jsp]
Syntax error, insert ";" to complete Statement
45:      
46:      
47:        
48:       if (t2==null || t3==null)
49:           {
50: 
51:           t2=t5;


Stacktrace:] with root cause
	org.apache.jasper.JasperException: Unable to compile class for JSP: 

An error occurred at line: [36] in the jsp file: [/process.jsp]
Syntax error on token(s), misplaced construct(s)
33:         String prediction = request.getParameter("decision");
34:         String input = request.getParameter("input");
35:         
36:         <sql:setDataSource var = "snapshot" driver = "com.mysql.jdbc.Driver"
37:         url = "jdbc:mysql://localhost/fakenews"
38:         user = "root"  password = "mahesh1998"/>
39:         


An error occurred at line: [36] in the jsp file: [/process.jsp]
Syntax error, insert ":: IdentifierOrNew" to complete ReferenceExpression
33:         String prediction = request.getParameter("decision");
34:         String input = request.getParameter("input");
35:         
36:         <sql:setDataSource var = "snapshot" driver = "com.mysql.jdbc.Driver"
37:         url = "jdbc:mysql://localhost/fakenews"
38:         user = "root"  password = "mahesh1998"/>
39:         


An error occurred at line: [36] in the jsp file: [/process.jsp]
Syntax error, insert "AssignmentOperator Expression" to complete Assignment
33:         String prediction = request.getParameter("decision");
34:         String input = request.getParameter("input");
35:         
36:         <sql:setDataSource var = "snapshot" driver = "com.mysql.jdbc.Driver"
37:         url = "jdbc:mysql://localhost/fakenews"
38:         user = "root"  password = "mahesh1998"/>
39:         


An error occurred at line: [36] in the jsp file: [/process.jsp]
Syntax error, insert ";" to complete Statement
33:         String prediction = request.getParameter("decision");
34:         String input = request.getParameter("input");
35:         
36:         <sql:setDataSource var = "snapshot" driver = "com.mysql.jdbc.Driver"
37:         url = "jdbc:mysql://localhost/fakenews"
38:         user = "root"  password = "mahesh1998"/>
39:         


An error occurred at line: [36] in the jsp file: [/process.jsp]
setDataSource cannot be resolved to a variable
33:         String prediction = request.getParameter("decision");
34:         String input = request.getParameter("input");
35:         
36:         <sql:setDataSource var = "snapshot" driver = "com.mysql.jdbc.Driver"
37:         url = "jdbc:mysql://localhost/fakenews"
38:         user = "root"  password = "mahesh1998"/>
39:         


An error occurred at line: [36] in the jsp file: [/process.jsp]
var cannot be resolved to a variable
33:         String prediction = request.getParameter("decision");
34:         String input = request.getParameter("input");
35:         
36:         <sql:setDataSource var = "snapshot" driver = "com.mysql.jdbc.Driver"
37:         url = "jdbc:mysql://localhost/fakenews"
38:         user = "root"  password = "mahesh1998"/>
39:         


An error occurred at line: [36] in the jsp file: [/process.jsp]
Syntax error, insert ";" to complete Statement
33:         String prediction = request.getParameter("decision");
34:         String input = request.getParameter("input");
35:         
36:         <sql:setDataSource var = "snapshot" driver = "com.mysql.jdbc.Driver"
37:         url = "jdbc:mysql://localhost/fakenews"
38:         user = "root"  password = "mahesh1998"/>
39:         


An error occurred at line: [36] in the jsp file: [/process.jsp]
driver cannot be resolved to a variable
33:         String prediction = request.getParameter("decision");
34:         String input = request.getParameter("input");
35:         
36:         <sql:setDataSource var = "snapshot" driver = "com.mysql.jdbc.Driver"
37:         url = "jdbc:mysql://localhost/fakenews"
38:         user = "root"  password = "mahesh1998"/>
39:         


An error occurred at line: [36] in the jsp file: [/process.jsp]
Syntax error, insert ";" to complete Statement
33:         String prediction = request.getParameter("decision");
34:         String input = request.getParameter("input");
35:         
36:         <sql:setDataSource var = "snapshot" driver = "com.mysql.jdbc.Driver"
37:         url = "jdbc:mysql://localhost/fakenews"
38:         user = "root"  password = "mahesh1998"/>
39:         


An error occurred at line: [37] in the jsp file: [/process.jsp]
url cannot be resolved to a variable
34:         String input = request.getParameter("input");
35:         
36:         <sql:setDataSource var = "snapshot" driver = "com.mysql.jdbc.Driver"
37:         url = "jdbc:mysql://localhost/fakenews"
38:         user = "root"  password = "mahesh1998"/>
39:         
40: 


An error occurred at line: [37] in the jsp file: [/process.jsp]
Syntax error, insert ";" to complete Statement
34:         String input = request.getParameter("input");
35:         
36:         <sql:setDataSource var = "snapshot" driver = "com.mysql.jdbc.Driver"
37:         url = "jdbc:mysql://localhost/fakenews"
38:         user = "root"  password = "mahesh1998"/>
39:         
40: 


An error occurred at line: [38] in the jsp file: [/process.jsp]
user cannot be resolved to a variable
35:         
36:         <sql:setDataSource var = "snapshot" driver = "com.mysql.jdbc.Driver"
37:         url = "jdbc:mysql://localhost/fakenews"
38:         user = "root"  password = "mahesh1998"/>
39:         
40: 
41:     //  }


An error occurred at line: [38] in the jsp file: [/process.jsp]
Syntax error, insert ";" to complete Statement
35:         
36:         <sql:setDataSource var = "snapshot" driver = "com.mysql.jdbc.Driver"
37:         url = "jdbc:mysql://localhost/fakenews"
38:         user = "root"  password = "mahesh1998"/>
39:         
40: 
41:     //  }


An error occurred at line: [38] in the jsp file: [/process.jsp]
password cannot be resolved to a variable
35:         
36:         <sql:setDataSource var = "snapshot" driver = "com.mysql.jdbc.Driver"
37:         url = "jdbc:mysql://localhost/fakenews"
38:         user = "root"  password = "mahesh1998"/>
39:         
40: 
41:     //  }


An error occurred at line: [38] in the jsp file: [/process.jsp]
The operator / is undefined for the argument type(s) String, boolean
35:         
36:         <sql:setDataSource var = "snapshot" driver = "com.mysql.jdbc.Driver"
37:         url = "jdbc:mysql://localhost/fakenews"
38:         user = "root"  password = "mahesh1998"/>
39:         
40: 
41:     //  }


An error occurred at line: [38] in the jsp file: [/process.jsp]
Syntax error on tokens, delete these tokens
35:         
36:         <sql:setDataSource var = "snapshot" driver = "com.mysql.jdbc.Driver"
37:         url = "jdbc:mysql://localhost/fakenews"
38:         user = "root"  password = "mahesh1998"/>
39:         
40: 
41:     //  }


An error occurred at line: [48] in the jsp file: [/process.jsp]
Syntax error, insert ";" to complete Statement
45:      
46:      
47:        
48:       if (t2==null || t3==null)
49:           {
50: 
51:           t2=t5;


Stacktrace:
		at org.apache.jasper.compiler.DefaultErrorHandler.javacError(DefaultErrorHandler.java:102)
		at org.apache.jasper.compiler.ErrorDispatcher.javacError(ErrorDispatcher.java:213)
		at org.apache.jasper.compiler.JDTCompiler.generateClass(JDTCompiler.java:498)
		at org.apache.jasper.compiler.Compiler.compile(Compiler.java:397)
		at org.apache.jasper.compiler.Compiler.compile(Compiler.java:367)
		at org.apache.jasper.compiler.Compiler.compile(Compiler.java:351)
		at org.apache.jasper.JspCompilationContext.compile(JspCompilationContext.java:605)
		at org.apache.jasper.servlet.JspServletWrapper.service(JspServletWrapper.java:399)
		at org.apache.jasper.servlet.JspServlet.serviceJspFile(JspServlet.java:379)
		at org.apache.jasper.servlet.JspServlet.service(JspServlet.java:327)
		at javax.servlet.http.HttpServlet.service(HttpServlet.java:764)
		at org.apache.catalina.core.ApplicationFilterChain.internalDoFilter(ApplicationFilterChain.java:227)
		at org.apache.catalina.core.ApplicationFilterChain.doFilter(ApplicationFilterChain.java:162)
		at org.apache.tomcat.websocket.server.WsFilter.doFilter(WsFilter.java:53)
		at org.apache.catalina.core.ApplicationFilterChain.internalDoFilter(ApplicationFilterChain.java:189)
		at org.apache.catalina.core.ApplicationFilterChain.doFilter(ApplicationFilterChain.java:162)
		at org.apache.catalina.core.StandardWrapperValve.invoke(StandardWrapperValve.java:197)
		at org.apache.catalina.core.StandardContextValve.invoke(StandardContextValve.java:97)
		at org.apache.catalina.authenticator.AuthenticatorBase.invoke(AuthenticatorBase.java:541)
		at org.apache.catalina.core.StandardHostValve.invoke(StandardHostValve.java:135)
		at org.apache.catalina.valves.ErrorReportValve.invoke(ErrorReportValve.java:92)
		at org.apache.catalina.valves.AbstractAccessLogValve.invoke(AbstractAccessLogValve.java:687)
		at org.apache.catalina.core.StandardEngineValve.invoke(StandardEngineValve.java:78)
		at org.apache.catalina.connector.CoyoteAdapter.service(CoyoteAdapter.java:360)
		at org.apache.coyote.http11.Http11Processor.service(Http11Processor.java:399)
		at org.apache.coyote.AbstractProcessorLight.process(AbstractProcessorLight.java:65)
		at org.apache.coyote.AbstractProtocol$ConnectionHandler.process(AbstractProtocol.java:889)
		at org.apache.tomcat.util.net.NioEndpoint$SocketProcessor.doRun(NioEndpoint.java:1743)
		at org.apache.tomcat.util.net.SocketProcessorBase.run(SocketProcessorBase.java:49)
		at org.apache.tomcat.util.threads.ThreadPoolExecutor.runWorker(ThreadPoolExecutor.java:1191)
		at org.apache.tomcat.util.threads.ThreadPoolExecutor$Worker.run(ThreadPoolExecutor.java:659)
		at org.apache.tomcat.util.threads.TaskThread$WrappingRunnable.run(TaskThread.java:61)
		at java.base/java.lang.Thread.run(Thread.java:833)
14-Sep-2022 19:56:12.699 SEVERE [http-nio-8080-exec-3] org.apache.catalina.core.StandardWrapperValve.invoke Servlet.service() for servlet [jsp] in context with path [] threw exception [Unable to compile class for JSP: 

An error occurred at line: [36] in the jsp file: [/process.jsp]
Syntax error on token(s), misplaced construct(s)
33:         String prediction = request.getParameter("decision");
34:         String input = request.getParameter("input");
35:         
36:         <sql:setDataSource var = "snapshot" driver = "com.mysql.jdbc.Driver"
37:         url = "jdbc:mysql://localhost/fakenews"
38:         user = "root"  password = "mahesh1998"/>
39:         


An error occurred at line: [36] in the jsp file: [/process.jsp]
Syntax error, insert ":: IdentifierOrNew" to complete ReferenceExpression
33:         String prediction = request.getParameter("decision");
34:         String input = request.getParameter("input");
35:         
36:         <sql:setDataSource var = "snapshot" driver = "com.mysql.jdbc.Driver"
37:         url = "jdbc:mysql://localhost/fakenews"
38:         user = "root"  password = "mahesh1998"/>
39:         


An error occurred at line: [36] in the jsp file: [/process.jsp]
Syntax error, insert "AssignmentOperator Expression" to complete Assignment
33:         String prediction = request.getParameter("decision");
34:         String input = request.getParameter("input");
35:         
36:         <sql:setDataSource var = "snapshot" driver = "com.mysql.jdbc.Driver"
37:         url = "jdbc:mysql://localhost/fakenews"
38:         user = "root"  password = "mahesh1998"/>
39:         


An error occurred at line: [36] in the jsp file: [/process.jsp]
Syntax error, insert ";" to complete Statement
33:         String prediction = request.getParameter("decision");
34:         String input = request.getParameter("input");
35:         
36:         <sql:setDataSource var = "snapshot" driver = "com.mysql.jdbc.Driver"
37:         url = "jdbc:mysql://localhost/fakenews"
38:         user = "root"  password = "mahesh1998"/>
39:         


An error occurred at line: [36] in the jsp file: [/process.jsp]
setDataSource cannot be resolved to a variable
33:         String prediction = request.getParameter("decision");
34:         String input = request.getParameter("input");
35:         
36:         <sql:setDataSource var = "snapshot" driver = "com.mysql.jdbc.Driver"
37:         url = "jdbc:mysql://localhost/fakenews"
38:         user = "root"  password = "mahesh1998"/>
39:         


An error occurred at line: [36] in the jsp file: [/process.jsp]
var cannot be resolved to a variable
33:         String prediction = request.getParameter("decision");
34:         String input = request.getParameter("input");
35:         
36:         <sql:setDataSource var = "snapshot" driver = "com.mysql.jdbc.Driver"
37:         url = "jdbc:mysql://localhost/fakenews"
38:         user = "root"  password = "mahesh1998"/>
39:         


An error occurred at line: [36] in the jsp file: [/process.jsp]
Syntax error, insert ";" to complete Statement
33:         String prediction = request.getParameter("decision");
34:         String input = request.getParameter("input");
35:         
36:         <sql:setDataSource var = "snapshot" driver = "com.mysql.jdbc.Driver"
37:         url = "jdbc:mysql://localhost/fakenews"
38:         user = "root"  password = "mahesh1998"/>
39:         


An error occurred at line: [36] in the jsp file: [/process.jsp]
driver cannot be resolved to a variable
33:         String prediction = request.getParameter("decision");
34:         String input = request.getParameter("input");
35:         
36:         <sql:setDataSource var = "snapshot" driver = "com.mysql.jdbc.Driver"
37:         url = "jdbc:mysql://localhost/fakenews"
38:         user = "root"  password = "mahesh1998"/>
39:         


An error occurred at line: [36] in the jsp file: [/process.jsp]
Syntax error, insert ";" to complete Statement
33:         String prediction = request.getParameter("decision");
34:         String input = request.getParameter("input");
35:         
36:         <sql:setDataSource var = "snapshot" driver = "com.mysql.jdbc.Driver"
37:         url = "jdbc:mysql://localhost/fakenews"
38:         user = "root"  password = "mahesh1998"/>
39:         


An error occurred at line: [37] in the jsp file: [/process.jsp]
url cannot be resolved to a variable
34:         String input = request.getParameter("input");
35:         
36:         <sql:setDataSource var = "snapshot" driver = "com.mysql.jdbc.Driver"
37:         url = "jdbc:mysql://localhost/fakenews"
38:         user = "root"  password = "mahesh1998"/>
39:         
40: 


An error occurred at line: [37] in the jsp file: [/process.jsp]
Syntax error, insert ";" to complete Statement
34:         String input = request.getParameter("input");
35:         
36:         <sql:setDataSource var = "snapshot" driver = "com.mysql.jdbc.Driver"
37:         url = "jdbc:mysql://localhost/fakenews"
38:         user = "root"  password = "mahesh1998"/>
39:         
40: 


An error occurred at line: [38] in the jsp file: [/process.jsp]
user cannot be resolved to a variable
35:         
36:         <sql:setDataSource var = "snapshot" driver = "com.mysql.jdbc.Driver"
37:         url = "jdbc:mysql://localhost/fakenews"
38:         user = "root"  password = "mahesh1998"/>
39:         
40: 
41:     //  }


An error occurred at line: [38] in the jsp file: [/process.jsp]
Syntax error, insert ";" to complete Statement
35:         
36:         <sql:setDataSource var = "snapshot" driver = "com.mysql.jdbc.Driver"
37:         url = "jdbc:mysql://localhost/fakenews"
38:         user = "root"  password = "mahesh1998"/>
39:         
40: 
41:     //  }


An error occurred at line: [38] in the jsp file: [/process.jsp]
password cannot be resolved to a variable
35:         
36:         <sql:setDataSource var = "snapshot" driver = "com.mysql.jdbc.Driver"
37:         url = "jdbc:mysql://localhost/fakenews"
38:         user = "root"  password = "mahesh1998"/>
39:         
40: 
41:     //  }


An error occurred at line: [38] in the jsp file: [/process.jsp]
The operator / is undefined for the argument type(s) String, boolean
35:         
36:         <sql:setDataSource var = "snapshot" driver = "com.mysql.jdbc.Driver"
37:         url = "jdbc:mysql://localhost/fakenews"
38:         user = "root"  password = "mahesh1998"/>
39:         
40: 
41:     //  }


An error occurred at line: [38] in the jsp file: [/process.jsp]
Syntax error on tokens, delete these tokens
35:         
36:         <sql:setDataSource var = "snapshot" driver = "com.mysql.jdbc.Driver"
37:         url = "jdbc:mysql://localhost/fakenews"
38:         user = "root"  password = "mahesh1998"/>
39:         
40: 
41:     //  }


An error occurred at line: [48] in the jsp file: [/process.jsp]
Syntax error, insert ";" to complete Statement
45:      
46:      
47:        
48:       if (t2==null || t3==null)
49:           {
50: 
51:           t2=t5;


Stacktrace:] with root cause
	org.apache.jasper.JasperException: Unable to compile class for JSP: 

An error occurred at line: [36] in the jsp file: [/process.jsp]
Syntax error on token(s), misplaced construct(s)
33:         String prediction = request.getParameter("decision");
34:         String input = request.getParameter("input");
35:         
36:         <sql:setDataSource var = "snapshot" driver = "com.mysql.jdbc.Driver"
37:         url = "jdbc:mysql://localhost/fakenews"
38:         user = "root"  password = "mahesh1998"/>
39:         


An error occurred at line: [36] in the jsp file: [/process.jsp]
Syntax error, insert ":: IdentifierOrNew" to complete ReferenceExpression
33:         String prediction = request.getParameter("decision");
34:         String input = request.getParameter("input");
35:         
36:         <sql:setDataSource var = "snapshot" driver = "com.mysql.jdbc.Driver"
37:         url = "jdbc:mysql://localhost/fakenews"
38:         user = "root"  password = "mahesh1998"/>
39:         


An error occurred at line: [36] in the jsp file: [/process.jsp]
Syntax error, insert "AssignmentOperator Expression" to complete Assignment
33:         String prediction = request.getParameter("decision");
34:         String input = request.getParameter("input");
35:         
36:         <sql:setDataSource var = "snapshot" driver = "com.mysql.jdbc.Driver"
37:         url = "jdbc:mysql://localhost/fakenews"
38:         user = "root"  password = "mahesh1998"/>
39:         


An error occurred at line: [36] in the jsp file: [/process.jsp]
Syntax error, insert ";" to complete Statement
33:         String prediction = request.getParameter("decision");
34:         String input = request.getParameter("input");
35:         
36:         <sql:setDataSource var = "snapshot" driver = "com.mysql.jdbc.Driver"
37:         url = "jdbc:mysql://localhost/fakenews"
38:         user = "root"  password = "mahesh1998"/>
39:         


An error occurred at line: [36] in the jsp file: [/process.jsp]
setDataSource cannot be resolved to a variable
33:         String prediction = request.getParameter("decision");
34:         String input = request.getParameter("input");
35:         
36:         <sql:setDataSource var = "snapshot" driver = "com.mysql.jdbc.Driver"
37:         url = "jdbc:mysql://localhost/fakenews"
38:         user = "root"  password = "mahesh1998"/>
39:         


An error occurred at line: [36] in the jsp file: [/process.jsp]
var cannot be resolved to a variable
33:         String prediction = request.getParameter("decision");
34:         String input = request.getParameter("input");
35:         
36:         <sql:setDataSource var = "snapshot" driver = "com.mysql.jdbc.Driver"
37:         url = "jdbc:mysql://localhost/fakenews"
38:         user = "root"  password = "mahesh1998"/>
39:         


An error occurred at line: [36] in the jsp file: [/process.jsp]
Syntax error, insert ";" to complete Statement
33:         String prediction = request.getParameter("decision");
34:         String input = request.getParameter("input");
35:         
36:         <sql:setDataSource var = "snapshot" driver = "com.mysql.jdbc.Driver"
37:         url = "jdbc:mysql://localhost/fakenews"
38:         user = "root"  password = "mahesh1998"/>
39:         


An error occurred at line: [36] in the jsp file: [/process.jsp]
driver cannot be resolved to a variable
33:         String prediction = request.getParameter("decision");
34:         String input = request.getParameter("input");
35:         
36:         <sql:setDataSource var = "snapshot" driver = "com.mysql.jdbc.Driver"
37:         url = "jdbc:mysql://localhost/fakenews"
38:         user = "root"  password = "mahesh1998"/>
39:         


An error occurred at line: [36] in the jsp file: [/process.jsp]
Syntax error, insert ";" to complete Statement
33:         String prediction = request.getParameter("decision");
34:         String input = request.getParameter("input");
35:         
36:         <sql:setDataSource var = "snapshot" driver = "com.mysql.jdbc.Driver"
37:         url = "jdbc:mysql://localhost/fakenews"
38:         user = "root"  password = "mahesh1998"/>
39:         


An error occurred at line: [37] in the jsp file: [/process.jsp]
url cannot be resolved to a variable
34:         String input = request.getParameter("input");
35:         
36:         <sql:setDataSource var = "snapshot" driver = "com.mysql.jdbc.Driver"
37:         url = "jdbc:mysql://localhost/fakenews"
38:         user = "root"  password = "mahesh1998"/>
39:         
40: 


An error occurred at line: [37] in the jsp file: [/process.jsp]
Syntax error, insert ";" to complete Statement
34:         String input = request.getParameter("input");
35:         
36:         <sql:setDataSource var = "snapshot" driver = "com.mysql.jdbc.Driver"
37:         url = "jdbc:mysql://localhost/fakenews"
38:         user = "root"  password = "mahesh1998"/>
39:         
40: 


An error occurred at line: [38] in the jsp file: [/process.jsp]
user cannot be resolved to a variable
35:         
36:         <sql:setDataSource var = "snapshot" driver = "com.mysql.jdbc.Driver"
37:         url = "jdbc:mysql://localhost/fakenews"
38:         user = "root"  password = "mahesh1998"/>
39:         
40: 
41:     //  }


An error occurred at line: [38] in the jsp file: [/process.jsp]
Syntax error, insert ";" to complete Statement
35:         
36:         <sql:setDataSource var = "snapshot" driver = "com.mysql.jdbc.Driver"
37:         url = "jdbc:mysql://localhost/fakenews"
38:         user = "root"  password = "mahesh1998"/>
39:         
40: 
41:     //  }


An error occurred at line: [38] in the jsp file: [/process.jsp]
password cannot be resolved to a variable
35:         
36:         <sql:setDataSource var = "snapshot" driver = "com.mysql.jdbc.Driver"
37:         url = "jdbc:mysql://localhost/fakenews"
38:         user = "root"  password = "mahesh1998"/>
39:         
40: 
41:     //  }


An error occurred at line: [38] in the jsp file: [/process.jsp]
The operator / is undefined for the argument type(s) String, boolean
35:         
36:         <sql:setDataSource var = "snapshot" driver = "com.mysql.jdbc.Driver"
37:         url = "jdbc:mysql://localhost/fakenews"
38:         user = "root"  password = "mahesh1998"/>
39:         
40: 
41:     //  }


An error occurred at line: [38] in the jsp file: [/process.jsp]
Syntax error on tokens, delete these tokens
35:         
36:         <sql:setDataSource var = "snapshot" driver = "com.mysql.jdbc.Driver"
37:         url = "jdbc:mysql://localhost/fakenews"
38:         user = "root"  password = "mahesh1998"/>
39:         
40: 
41:     //  }


An error occurred at line: [48] in the jsp file: [/process.jsp]
Syntax error, insert ";" to complete Statement
45:      
46:      
47:        
48:       if (t2==null || t3==null)
49:           {
50: 
51:           t2=t5;


Stacktrace:
		at org.apache.jasper.compiler.DefaultErrorHandler.javacError(DefaultErrorHandler.java:102)
		at org.apache.jasper.compiler.ErrorDispatcher.javacError(ErrorDispatcher.java:213)
		at org.apache.jasper.compiler.JDTCompiler.generateClass(JDTCompiler.java:498)
		at org.apache.jasper.compiler.Compiler.compile(Compiler.java:397)
		at org.apache.jasper.compiler.Compiler.compile(Compiler.java:367)
		at org.apache.jasper.compiler.Compiler.compile(Compiler.java:351)
		at org.apache.jasper.JspCompilationContext.compile(JspCompilationContext.java:605)
		at org.apache.jasper.servlet.JspServletWrapper.service(JspServletWrapper.java:399)
		at org.apache.jasper.servlet.JspServlet.serviceJspFile(JspServlet.java:379)
		at org.apache.jasper.servlet.JspServlet.service(JspServlet.java:327)
		at javax.servlet.http.HttpServlet.service(HttpServlet.java:764)
		at org.apache.catalina.core.ApplicationFilterChain.internalDoFilter(ApplicationFilterChain.java:227)
		at org.apache.catalina.core.ApplicationFilterChain.doFilter(ApplicationFilterChain.java:162)
		at org.apache.tomcat.websocket.server.WsFilter.doFilter(WsFilter.java:53)
		at org.apache.catalina.core.ApplicationFilterChain.internalDoFilter(ApplicationFilterChain.java:189)
		at org.apache.catalina.core.ApplicationFilterChain.doFilter(ApplicationFilterChain.java:162)
		at org.apache.catalina.core.StandardWrapperValve.invoke(StandardWrapperValve.java:197)
		at org.apache.catalina.core.StandardContextValve.invoke(StandardContextValve.java:97)
		at org.apache.catalina.authenticator.AuthenticatorBase.invoke(AuthenticatorBase.java:541)
		at org.apache.catalina.core.StandardHostValve.invoke(StandardHostValve.java:135)
		at org.apache.catalina.valves.ErrorReportValve.invoke(ErrorReportValve.java:92)
		at org.apache.catalina.valves.AbstractAccessLogValve.invoke(AbstractAccessLogValve.java:687)
		at org.apache.catalina.core.StandardEngineValve.invoke(StandardEngineValve.java:78)
		at org.apache.catalina.connector.CoyoteAdapter.service(CoyoteAdapter.java:360)
		at org.apache.coyote.http11.Http11Processor.service(Http11Processor.java:399)
		at org.apache.coyote.AbstractProcessorLight.process(AbstractProcessorLight.java:65)
		at org.apache.coyote.AbstractProtocol$ConnectionHandler.process(AbstractProtocol.java:889)
		at org.apache.tomcat.util.net.NioEndpoint$SocketProcessor.doRun(NioEndpoint.java:1743)
		at org.apache.tomcat.util.net.SocketProcessorBase.run(SocketProcessorBase.java:49)
		at org.apache.tomcat.util.threads.ThreadPoolExecutor.runWorker(ThreadPoolExecutor.java:1191)
		at org.apache.tomcat.util.threads.ThreadPoolExecutor$Worker.run(ThreadPoolExecutor.java:659)
		at org.apache.tomcat.util.threads.TaskThread$WrappingRunnable.run(TaskThread.java:61)
		at java.base/java.lang.Thread.run(Thread.java:833)
